[+] Containers:
 |- [+] Container: /Game/LD_Clotaire/Map_Clotaire_LD
 |   |- [+] ActorDescs:
 |   |   |- Guid:03CD1B0E4F7CE5F6004705802758A98D BaseClass:/BlockoutToolsPlugin/Blueprints/Blockout_Box.Blockout_Box_C NativeClass:/Script/BlockoutToolsPlugin.BlockoutToolsParent Name:Blockout_Box_C_UAID_5811223EB18D14D001_1255575365 Label:Blockout_Box20 SpatiallyLoaded:1 Bounds:IsValid=true, Min=(X=2300.000 Y=-660.000 Z=-660.000), Max=(X=2330.000 Y=-650.000 Z=-560.000) RuntimeGrid:None EditorOnly:0 RuntimeOnly:0 HLODRelevant:1
 |   |   |- Guid:03FF994B4EB5DBCD431DBA971CE4DA8A BaseClass: NativeClass:/Script/Engine.PlayerStart Name:PlayerStart_0 Label:PlayerStart SpatiallyLoaded:0 Bounds:IsValid=true, Min=(X=2350.000 Y=-140.000 Z=-789.987), Max=(X=2430.000 Y=-60.000 Z=-605.987) RuntimeGrid:None EditorOnly:0 RuntimeOnly:0 HLODRelevant:0
 |   |   |- Guid:05DAA00743309508804032AF4139CD2E BaseClass:/BlockoutToolsPlugin/Blueprints/Blockout_Box.Blockout_Box_C NativeClass:/Script/BlockoutToolsPlugin.BlockoutToolsParent Name:Blockout_Box_C_UAID_5811223EB18D14D001_1459645377 Label:Blockout_Box26 SpatiallyLoaded:1 Bounds:IsValid=true, Min=(X=2730.000 Y=-1500.000 Z=-660.000), Max=(X=2790.000 Y=-1490.000 Z=-560.000) RuntimeGrid:None EditorOnly:0 RuntimeOnly:0 HLODRelevant:1
 |   |   |- Guid:08E0F38A4665A6989D5FD19D4A089558 BaseClass: NativeClass:/Script/Engine.PointLight Name:PointLight_UAID_5811223EB18D14D001_1306160367 Label:PointLight3 SpatiallyLoaded:1 Bounds:IsValid=true, Min=(X=-13824.000 Y=-17054.000 Z=-16874.000), Max=(X=18944.000 Y=15714.000 Z=15894.000) RuntimeGrid:None EditorOnly:0 RuntimeOnly:0 HLODRelevant:0
 |   |   |- Guid:0907B76745D472D00A896D9A5A18739F BaseClass:/BlockoutToolsPlugin/Blueprints/Blockout_Box.Blockout_Box_C NativeClass:/Script/BlockoutToolsPlugin.BlockoutToolsParent Name:Blockout_Box_C_UAID_5811223EB18D13D001_1330935170 Label:Blockout_Box7 SpatiallyLoaded:1 Bounds:IsValid=true, Min=(X=1810.000 Y=0.000 Z=-920.000), Max=(X=2250.000 Y=50.000 Z=-20.000) RuntimeGrid:None EditorOnly:0 RuntimeOnly:0 HLODRelevant:1
 |   |   |- Guid:116394EA4BAD8D4D876DB9AB206065DC BaseClass:/BlockoutToolsPlugin/Blueprints/Blockout_Box.Blockout_Box_C NativeClass:/Script/BlockoutToolsPlugin.BlockoutToolsParent Name:Blockout_Box_C_UAID_5811223EB18D13D001_1189387169 Label:Blockout_Box6 SpatiallyLoaded:1 Bounds:IsValid=true, Min=(X=1360.000 Y=-450.000 Z=-920.000), Max=(X=2250.000 Y=-400.000 Z=-20.000) RuntimeGrid:None EditorOnly:0 RuntimeOnly:0 HLODRelevant:1
 |   |   |- Guid:11D0160D4E2895D084C4FFB250CE3267 BaseClass:/BlockoutToolsPlugin/Blueprints/Blockout_Box.Blockout_Box_C NativeClass:/Script/BlockoutToolsPlugin.BlockoutToolsParent Name:Blockout_Box_C_UAID_5811223EB18D12D001_2000218986 Label:Blockout_Box3 SpatiallyLoaded:1 Bounds:IsValid=true, Min=(X=1410.000 Y=-400.000 Z=-480.000), Max=(X=1810.000 Y=0.000 Z=-440.000) RuntimeGrid:None EditorOnly:0 RuntimeOnly:0 HLODRelevant:1
 |   |   |- Guid:16F1EE2247363324151214B2389DD211 BaseClass:/BlockoutToolsPlugin/Blueprints/Blockout_Box.Blockout_Box_C NativeClass:/Script/BlockoutToolsPlugin.BlockoutToolsParent Name:Blockout_Box_C_UAID_5811223EB18D14D001_1243504364 Label:Blockout_Box19 SpatiallyLoaded:1 Bounds:IsValid=true, Min=(X=2300.000 Y=-710.000 Z=-660.000), Max=(X=2330.000 Y=-700.000 Z=-560.000) RuntimeGrid:None EditorOnly:0 RuntimeOnly:0 HLODRelevant:1
 |   |   |- Guid:1B215D5E4819AC31F3FD28899B132A5F BaseClass:/BlockoutToolsPlugin/Blueprints/Blockout_Stairs_Linear.Blockout_Stairs_Linear_C NativeClass:/Script/BlockoutToolsPlugin.BlockoutToolsParent Name:Blockout_Stairs_Linear_C_UAID_5811223EB18D12D001_2040932989 Label:Blockout_Stairs_Linear6 SpatiallyLoaded:1 Bounds:IsValid=true, Min=(X=2110.000 Y=-400.000 Z=-890.000), Max=(X=2260.000 Y=0.000 Z=-740.000) RuntimeGrid:None EditorOnly:0 RuntimeOnly:0 HLODRelevant:1
 |   |   |- Guid:1CEDBD324AECFE075C22EB9B116B0A27 BaseClass: NativeClass:/Script/Engine.ExponentialHeightFog Name:ExponentialHeightFog_0 Label:ExponentialHeightFog SpatiallyLoaded:0 Bounds:IsValid=true, Min=(X=-5600.000 Y=-50.000 Z=-6850.000), Max=(X=-5600.000 Y=-50.000 Z=-6850.000) RuntimeGrid:None EditorOnly:0 RuntimeOnly:0 HLODRelevant:0 FolderPath:Lighting FolderGuid:0BA5F0A04EADB18E70D5B180D08FA34B
 |   |   |- Guid:1FD318CC40D52578CD97EEB294C1D169 BaseClass:/BlockoutToolsPlugin/Blueprints/Blockout_Stairs_Linear.Blockout_Stairs_Linear_C NativeClass:/Script/BlockoutToolsPlugin.BlockoutToolsParent Name:Blockout_Stairs_Linear_C_UAID_5811223EB18D12D001_2040927987 Label:Blockout_Stairs_Linear4 SpatiallyLoaded:1 Bounds:IsValid=true, Min=(X=1810.000 Y=-400.000 Z=-590.000), Max=(X=1960.000 Y=0.000 Z=-440.000) RuntimeGrid:None EditorOnly:0 RuntimeOnly:0 HLODRelevant:1
 |   |   |- Guid:23372BEC4FB6ED92514974AC5DC7AC00 BaseClass:/BlockoutToolsPlugin/Blueprints/Blockout_Box.Blockout_Box_C NativeClass:/Script/BlockoutToolsPlugin.BlockoutToolsParent Name:Blockout_Box_C_UAID_5811223EB18D14D001_1473127386 Label:Blockout_Box33 SpatiallyLoaded:1 Bounds:IsValid=true, Min=(X=2760.000 Y=1043.313 Z=-640.500), Max=(X=2780.000 Y=1100.000 Z=-563.316) RuntimeGrid:None EditorOnly:0 RuntimeOnly:0 HLODRelevant:1
 |   |   |- Guid:289253FE4E7BA4E7B7B5C2887377CABC BaseClass:/BlockoutToolsPlugin/Blueprints/Blockout_Box.Blockout_Box_C NativeClass:/Script/BlockoutToolsPlugin.BlockoutToolsParent Name:Blockout_Box_C_UAID_5811223EB18D13D001_2034820181 Label:Blockout_Box15 SpatiallyLoaded:1 Bounds:IsValid=true, Min=(X=2300.000 Y=1100.000 Z=-860.000), Max=(X=3200.000 Y=1150.000 Z=-370.000) RuntimeGrid:None EditorOnly:0 RuntimeOnly:0 HLODRelevant:1
 |   |   |- Guid:28B9B32046406BD7DB10208A22417E19 BaseClass:/BlockoutToolsPlugin/Blueprints/Blockout_Box.Blockout_Box_C NativeClass:/Script/BlockoutToolsPlugin.BlockoutToolsParent Name:Blockout_Box_C_UAID_5811223EB18D14D001_1400586369 Label:Blockout_Box22 SpatiallyLoaded:1 Bounds:IsValid=true, Min=(X=2300.000 Y=190.000 Z=-660.000), Max=(X=2310.000 Y=250.000 Z=-560.000) RuntimeGrid:None EditorOnly:0 RuntimeOnly:0 HLODRelevant:1
 |   |   |- Guid:2CB2544742E935AF0AEC039C2C84EE07 BaseClass:/BlockoutToolsPlugin/Blueprints/Blockout_Box.Blockout_Box_C NativeClass:/Script/BlockoutToolsPlugin.BlockoutToolsParent Name:Blockout_Box_C_UAID_5811223EB18D12D001_2131286991 Label:Blockout_Box2 SpatiallyLoaded:1 Bounds:IsValid=true, Min=(X=1360.000 Y=-400.000 Z=-480.000), Max=(X=1410.000 Y=450.000 Z=-20.000) RuntimeGrid:None EditorOnly:0 RuntimeOnly:0 HLODRelevant:1
 |   |   |- Guid:2D695885429630E93D05C6874B420662 BaseClass: NativeClass:/Script/Engine.VolumetricCloud Name:VolumetricCloud_0 Label:VolumetricCloud SpatiallyLoaded:0 Bounds:IsValid=true, Min=(X=0.000 Y=0.000 Z=820.000), Max=(X=0.000 Y=0.000 Z=820.000) RuntimeGrid:None EditorOnly:0 RuntimeOnly:0 HLODRelevant:0 FolderPath:Lighting FolderGuid:0BA5F0A04EADB18E70D5B180D08FA34B
 |   |   |- Guid:2EB48ADF4A54AC0D760368898099EDAE BaseClass: NativeClass:/Script/Engine.SkyLight Name:SkyLight_0 Label:SkyLight SpatiallyLoaded:0 Bounds:IsValid=true, Min=(X=0.000 Y=0.000 Z=690.000), Max=(X=0.000 Y=0.000 Z=690.000) RuntimeGrid:None EditorOnly:0 RuntimeOnly:0 HLODRelevant:0 FolderPath:Lighting FolderGuid:0BA5F0A04EADB18E70D5B180D08FA34B
 |   |   |- Guid:36205CE04897EDB76DE02A95C8D3ABA9 BaseClass:/BlockoutToolsPlugin/Blueprints/Blockout_Box.Blockout_Box_C NativeClass:/Script/BlockoutToolsPlugin.BlockoutToolsParent Name:Blockout_Box_C_UAID_5811223EB18D14D001_1473124384 Label:Blockout_Box31 SpatiallyLoaded:1 Bounds:IsValid=true, Min=(X=2740.000 Y=1070.000 Z=-660.000), Max=(X=2750.000 Y=1100.000 Z=-560.000) RuntimeGrid:None EditorOnly:0 RuntimeOnly:0 HLODRelevant:1
 |   |   |- Guid:37F841A142CE929ACB1EDE88DFCF1E6E BaseClass:/BlockoutToolsPlugin/Blueprints/Blockout_Box.Blockout_Box_C NativeClass:/Script/BlockoutToolsPlugin.BlockoutToolsParent Name:Blockout_Box_C_UAID_5811223EB18D14D001_1400591371 Label:Blockout_Box23 SpatiallyLoaded:1 Bounds:IsValid=true, Min=(X=2300.000 Y=190.000 Z=-660.000), Max=(X=2330.000 Y=200.000 Z=-560.000) RuntimeGrid:None EditorOnly:0 RuntimeOnly:0 HLODRelevant:1
 |   |   |- Guid:3B30FAC948BE3AF8C6C5F19E3FCE0BA8 BaseClass: NativeClass:/Script/Engine.PointLight Name:PointLight_UAID_5811223EB18D14D001_1419895375 Label:PointLight5 SpatiallyLoaded:1 Bounds:IsValid=true, Min=(X=-13644.000 Y=-15594.000 Z=-16874.000), Max=(X=19124.000 Y=17174.000 Z=15894.000) RuntimeGrid:None EditorOnly:0 RuntimeOnly:0 HLODRelevant:0
 |   |   |- Guid:406953304B77329B7FE3AFBCFCDF894E BaseClass:/BlockoutToolsPlugin/Blueprints/Blockout_Box.Blockout_Box_C NativeClass:/Script/BlockoutToolsPlugin.BlockoutToolsParent Name:Blockout_Box_C_UAID_5811223EB18D14D001_1473121382 Label:Blockout_Box30 SpatiallyLoaded:1 Bounds:IsValid=true, Min=(X=2740.000 Y=1090.000 Z=-660.000), Max=(X=2800.000 Y=1100.000 Z=-560.000) RuntimeGrid:None EditorOnly:0 RuntimeOnly:0 HLODRelevant:1
 |   |   |- Guid:503AE3554C87410711C454B36A41F16A BaseClass:/BlockoutToolsPlugin/Blueprints/Blockout_Box.Blockout_Box_C NativeClass:/Script/BlockoutToolsPlugin.BlockoutToolsParent Name:Blockout_Box_C_UAID_5811223EB18D14D001_1233938363 Label:Blockout_Box18 SpatiallyLoaded:1 Bounds:IsValid=true, Min=(X=2300.000 Y=-710.000 Z=-660.000), Max=(X=2310.000 Y=-650.000 Z=-560.000) RuntimeGrid:None EditorOnly:0 RuntimeOnly:0 HLODRelevant:1
 |   |   |- Guid:5A7E49D243C21358197025B4DB6F6B50 BaseClass:/BlockoutToolsPlugin/Blueprints/Blockout_Box.Blockout_Box_C NativeClass:/Script/BlockoutToolsPlugin.BlockoutToolsParent Name:Blockout_Box_C_UAID_5811223EB18D12D001_1584654977 Label:Blockout_Box SpatiallyLoaded:1 Bounds:IsValid=true, Min=(X=960.000 Y=450.000 Z=-60.000), Max=(X=1860.000 Y=1040.000 Z=-20.000) RuntimeGrid:None EditorOnly:0 RuntimeOnly:0 HLODRelevant:1
 |   |   |- Guid:5ABEB48F4367FB04F11FF59B5C8698B0 BaseClass:/BlockoutToolsPlugin/Blueprints/Blockout_Box.Blockout_Box_C NativeClass:/Script/BlockoutToolsPlugin.BlockoutToolsParent Name:Blockout_Box_C_UAID_5811223EB18D13D001_2060549182 Label:Blockout_Box12 SpatiallyLoaded:1 Bounds:IsValid=true, Min=(X=3200.000 Y=150.000 Z=-870.000), Max=(X=3250.000 Y=1150.000 Z=-370.000) RuntimeGrid:None EditorOnly:0 RuntimeOnly:0 HLODRelevant:1
 |   |   |- Guid:5AD7537B438FC8F20CD33C913FE779E1 BaseClass:/BlockoutToolsPlugin/Blueprints/Blockout_Box.Blockout_Box_C NativeClass:/Script/BlockoutToolsPlugin.BlockoutToolsParent Name:Blockout_Box_C_UAID_5811223EB18D14D001_1400592372 Label:Blockout_Box24 SpatiallyLoaded:1 Bounds:IsValid=true, Min=(X=2300.000 Y=240.000 Z=-660.000), Max=(X=2330.000 Y=250.000 Z=-560.000) RuntimeGrid:None EditorOnly:0 RuntimeOnly:0 HLODRelevant:1
 |   |   |- Guid:5D3BCBE7421054A389830B953A4D0BE9 BaseClass:/BlockoutToolsPlugin/Blueprints/Blockout_Box.Blockout_Box_C NativeClass:/Script/BlockoutToolsPlugin.BlockoutToolsParent Name:Blockout_Box_C_UAID_5811223EB18D13D001_2072046183 Label:Blockout_Box16 SpatiallyLoaded:1 Bounds:IsValid=true, Min=(X=2300.000 Y=-1550.000 Z=-370.000), Max=(X=3250.000 Y=1150.000 Z=-320.000) RuntimeGrid:None EditorOnly:0 RuntimeOnly:0 HLODRelevant:1
 |   |   |- Guid:5EBB4FF54AF800993AC13497FE980DA5 BaseClass:/Game/FirstPerson/Blueprints/BP_Pickup_Rifle.BP_Pickup_Rifle_C NativeClass:/Script/Engine.Actor Name:BP_Rifle_C_1 Label:BP_Pickup_Rifle SpatiallyLoaded:1 Bounds:IsValid=true, Min=(X=1378.000 Y=818.000 Z=64.000), Max=(X=1442.000 Y=907.440 Z=128.000) RuntimeGrid:None EditorOnly:0 RuntimeOnly:0 HLODRelevant:0
 |   |   |- Guid:5FF567114D75D88C751212872B2AD3B4 BaseClass:/BlockoutToolsPlugin/Blueprints/Blockout_Box.Blockout_Box_C NativeClass:/Script/BlockoutToolsPlugin.BlockoutToolsParent Name:Blockout_Box_C_UAID_5811223EB18D14D001_1459649380 Label:Blockout_Box28 SpatiallyLoaded:1 Bounds:IsValid=true, Min=(X=2730.000 Y=-1500.000 Z=-660.000), Max=(X=2740.000 Y=-1470.000 Z=-560.000) RuntimeGrid:None EditorOnly:0 RuntimeOnly:0 HLODRelevant:1
 |   |   |- Guid:676CBD4D45B4DA306830FA9FA26E4460 BaseClass:/BlockoutToolsPlugin/Blueprints/Blockout_Box.Blockout_Box_C NativeClass:/Script/BlockoutToolsPlugin.BlockoutToolsParent Name:Blockout_Box_C_UAID_5811223EB18D12D001_2074660990 Label:Blockout_Box4 SpatiallyLoaded:1 Bounds:IsValid=true, Min=(X=2250.000 Y=-1550.000 Z=-900.000), Max=(X=3250.000 Y=1150.000 Z=-860.000) RuntimeGrid:None EditorOnly:0 RuntimeOnly:0 HLODRelevant:1
 |   |   |- Guid:71EF105C4AAB52ADB17F22AC126CFCF0 BaseClass: NativeClass:/Script/Engine.PostProcessVolume Name:PostProcessVolume_0 Label:PostProcessVolume SpatiallyLoaded:0 Bounds:IsValid=true, Min=(X=0.000 Y=0.000 Z=400.000), Max=(X=200.000 Y=200.000 Z=600.000) RuntimeGrid:None EditorOnly:0 RuntimeOnly:0 HLODRelevant:0 FolderPath:Lighting FolderGuid:0BA5F0A04EADB18E70D5B180D08FA34B
 |   |   |- Guid:77567C6B4C54FEB0847D1A8E43926B70 BaseClass: NativeClass:/Script/Engine.WorldDataLayers Name:WorldDataLayers Label:WorldDataLayers SpatiallyLoaded:0 Bounds:IsValid=true, Min=(X=0.000 Y=0.000 Z=0.000), Max=(X=0.000 Y=0.000 Z=0.000) RuntimeGrid:None EditorOnly:0 RuntimeOnly:0 HLODRelevant:0
 |   |   |- Guid:78CFC4304C92EA9445907FB4A8D999ED BaseClass:/BlockoutToolsPlugin/Blueprints/Blockout_Box.Blockout_Box_C NativeClass:/Script/BlockoutToolsPlugin.BlockoutToolsParent Name:Blockout_Box_C_UAID_5811223EB18D14D001_1473126385 Label:Blockout_Box32 SpatiallyLoaded:1 Bounds:IsValid=true, Min=(X=2790.000 Y=1070.000 Z=-660.000), Max=(X=2800.000 Y=1100.000 Z=-560.000) RuntimeGrid:None EditorOnly:0 RuntimeOnly:0 HLODRelevant:1
 |   |   |- Guid:82275CBA425D77EB93C3D7B6DCBEABCC BaseClass: NativeClass:/Script/Engine.PointLight Name:PointLight_UAID_5811223EB18D14D001_1428332376 Label:PointLight6 SpatiallyLoaded:1 Bounds:IsValid=true, Min=(X=-13644.000 Y=-17634.000 Z=-16874.000), Max=(X=19124.000 Y=15134.000 Z=15894.000) RuntimeGrid:None EditorOnly:0 RuntimeOnly:0 HLODRelevant:0
 |   |   |- Guid:8493152B41D763FD943019B8CC165EFC BaseClass:/BlockoutToolsPlugin/Blueprints/Blockout_Box.Blockout_Box_C NativeClass:/Script/BlockoutToolsPlugin.BlockoutToolsParent Name:Blockout_Box_C_UAID_5811223EB18D13D001_2120260184 Label:Blockout_Box17 SpatiallyLoaded:1 Bounds:IsValid=true, Min=(X=2940.000 Y=400.000 Z=-560.000), Max=(X=3200.000 Y=450.000 Z=-370.000) RuntimeGrid:None EditorOnly:0 RuntimeOnly:0 HLODRelevant:1
 |   |   |- Guid:8D3C15DB402A960C2C291F9DC7846F37 BaseClass: NativeClass:/Script/Engine.SkyAtmosphere Name:SkyAtmosphere_0 Label:SkyAtmosphere SpatiallyLoaded:0 Bounds:IsValid=true, Min=(X=0.000 Y=0.000 Z=1020.000), Max=(X=0.000 Y=0.000 Z=1020.000) RuntimeGrid:None EditorOnly:0 RuntimeOnly:0 HLODRelevant:0 FolderPath:Lighting FolderGuid:0BA5F0A04EADB18E70D5B180D08FA34B
 |   |   |- Guid:9021E599429F87C6E864FC9861B7FA04 BaseClass:/BlockoutToolsPlugin/Blueprints/Blockout_Box.Blockout_Box_C NativeClass:/Script/BlockoutToolsPlugin.BlockoutToolsParent Name:Blockout_Box_C_UAID_5811223EB18D13D001_1959620179 Label:Blockout_Box13 SpatiallyLoaded:1 Bounds:IsValid=true, Min=(X=2300.000 Y=400.000 Z=-860.000), Max=(X=2940.000 Y=450.000 Z=-370.000) RuntimeGrid:None EditorOnly:0 RuntimeOnly:0 HLODRelevant:1
 |   |   |- Guid:93D2A83746BB5671817E4AA5371FA65D BaseClass:/BlockoutToolsPlugin/Blueprints/Blockout_Box.Blockout_Box_C NativeClass:/Script/BlockoutToolsPlugin.BlockoutToolsParent Name:Blockout_Box_C_UAID_5811223EB18D13D001_1786434176 Label:Blockout_Box10 SpatiallyLoaded:1 Bounds:IsValid=true, Min=(X=2250.000 Y=0.000 Z=-870.000), Max=(X=2300.000 Y=1150.000 Z=-370.000) RuntimeGrid:None EditorOnly:0 RuntimeOnly:0 HLODRelevant:1
 |   |   |- Guid:99A0CC2149D7700C4CAE399B06916698 BaseClass:/BlockoutToolsPlugin/Blueprints/Blockout_Box.Blockout_Box_C NativeClass:/Script/BlockoutToolsPlugin.BlockoutToolsParent Name:Blockout_Box_C_UAID_5811223EB18D14D001_1459648379 Label:Blockout_Box27 SpatiallyLoaded:1 Bounds:IsValid=true, Min=(X=2780.000 Y=-1500.000 Z=-660.000), Max=(X=2790.000 Y=-1470.000 Z=-560.000) RuntimeGrid:None EditorOnly:0 RuntimeOnly:0 HLODRelevant:1
 |   |   |- Guid:B3F28D104312548811D1FEB92C64A1E7 BaseClass:/BlockoutToolsPlugin/Blueprints/Blockout_Box.Blockout_Box_C NativeClass:/Script/BlockoutToolsPlugin.BlockoutToolsParent Name:Blockout_Box_C_UAID_5811223EB18D13D001_1650530174 Label:Blockout_Box9 SpatiallyLoaded:1 Bounds:IsValid=true, Min=(X=2250.000 Y=-1550.000 Z=-870.000), Max=(X=2300.000 Y=-400.000 Z=-370.000) RuntimeGrid:None EditorOnly:0 RuntimeOnly:0 HLODRelevant:1
 |   |   |- Guid:BB1166BA49E34B8FF32C829E38C6DB73 BaseClass:/BlockoutToolsPlugin/Blueprints/Blockout_Stairs_Linear.Blockout_Stairs_Linear_C NativeClass:/Script/BlockoutToolsPlugin.BlockoutToolsParent Name:Blockout_Stairs_Linear_C_UAID_5811223EB18D12D001_1862957982 Label:Blockout_Stairs_Linear SpatiallyLoaded:1 Bounds:IsValid=true, Min=(X=1410.000 Y=300.000 Z=-170.000), Max=(X=1810.000 Y=450.000 Z=-20.000) RuntimeGrid:None EditorOnly:0 RuntimeOnly:0 HLODRelevant:1
 |   |   |- Guid:BDB6CE3F4F0253B6CA274F8FC0DBE713 BaseClass:/BlockoutToolsPlugin/Blueprints/Blockout_Box.Blockout_Box_C NativeClass:/Script/BlockoutToolsPlugin.BlockoutToolsParent Name:Blockout_Box_C_UAID_5811223EB18D14D001_1459651381 Label:Blockout_Box29 SpatiallyLoaded:1 Bounds:IsValid=true, Min=(X=2750.000 Y=-1500.000 Z=-640.500), Max=(X=2770.000 Y=-1443.313 Z=-563.316) RuntimeGrid:None EditorOnly:0 RuntimeOnly:0 HLODRelevant:1
 |   |   |- Guid:C1581D2C40E7A94568353EBE8CD75200 BaseClass:/BlockoutToolsPlugin/Blueprints/Blockout_Box.Blockout_Box_C NativeClass:/Script/BlockoutToolsPlugin.BlockoutToolsParent Name:Blockout_Box_C_UAID_5811223EB18D13D001_1108484168 Label:Blockout_Box5 SpatiallyLoaded:1 Bounds:IsValid=true, Min=(X=1810.000 Y=0.000 Z=-480.000), Max=(X=1860.000 Y=450.000 Z=-20.000) RuntimeGrid:None EditorOnly:0 RuntimeOnly:0 HLODRelevant:1
 |   |   |- Guid:C9F585D04595E2AEB50630A5E4B128B2 BaseClass: NativeClass:/Script/Engine.StaticMeshActor Name:StaticMeshActor_UAID_A4AE111137DC5EFB00_2001720423 Label:SM_SkySphere SpatiallyLoaded:0 Bounds:IsValid=true, Min=(X=-1638400.000 Y=-1638400.000 Z=-1638400.000), Max=(X=1638400.000 Y=1638400.000 Z=1638400.000) RuntimeGrid:None EditorOnly:0 RuntimeOnly:0 HLODRelevant:1 FolderPath:Lighting FolderGuid:0BA5F0A04EADB18E70D5B180D08FA34B
 |   |   |- Guid:D0839EA240C54000AC9C2283658BC17D BaseClass:/BlockoutToolsPlugin/Blueprints/Blockout_Stairs_Linear.Blockout_Stairs_Linear_C NativeClass:/Script/BlockoutToolsPlugin.BlockoutToolsParent Name:Blockout_Stairs_Linear_C_UAID_5811223EB18D12D001_1953136984 Label:Blockout_Stairs_Linear3 SpatiallyLoaded:1 Bounds:IsValid=true, Min=(X=1410.000 Y=0.000 Z=-470.000), Max=(X=1810.000 Y=150.000 Z=-320.000) RuntimeGrid:None EditorOnly:0 RuntimeOnly:0 HLODRelevant:1
 |   |   |- Guid:D208D92346094917268F75BD461980AF BaseClass: NativeClass:/Script/Engine.PointLight Name:PointLight_UAID_5811223EB18D14D001_1416777374 Label:PointLight4 SpatiallyLoaded:1 Bounds:IsValid=true, Min=(X=-13824.000 Y=-16234.000 Z=-16874.000), Max=(X=18944.000 Y=16534.000 Z=15894.000) RuntimeGrid:None EditorOnly:0 RuntimeOnly:0 HLODRelevant:0
 |   |   |- Guid:D70C9536470189F5687A068E3CBA6AB1 BaseClass:/BlockoutToolsPlugin/Blueprints/Blockout_Stairs_Linear.Blockout_Stairs_Linear_C NativeClass:/Script/BlockoutToolsPlugin.BlockoutToolsParent Name:Blockout_Stairs_Linear_C_UAID_5811223EB18D12D001_2040931988 Label:Blockout_Stairs_Linear5 SpatiallyLoaded:1 Bounds:IsValid=true, Min=(X=1960.000 Y=-400.000 Z=-740.000), Max=(X=2110.000 Y=0.000 Z=-590.000) RuntimeGrid:None EditorOnly:0 RuntimeOnly:0 HLODRelevant:1
 |   |   |- Guid:D959F92F48FF42E51ACE229129BD4C59 BaseClass:/BlockoutToolsPlugin/Blueprints/Blockout_Box.Blockout_Box_C NativeClass:/Script/BlockoutToolsPlugin.BlockoutToolsParent Name:Blockout_Box_C_UAID_5811223EB18D14D001_1400593373 Label:Blockout_Box25 SpatiallyLoaded:1 Bounds:IsValid=true, Min=(X=2300.000 Y=210.000 Z=-640.500), Max=(X=2356.687 Y=230.000 Z=-563.316) RuntimeGrid:None EditorOnly:0 RuntimeOnly:0 HLODRelevant:1
 |   |   |- Guid:DACE585F46F0EE11EFEF6F8D08103B4D BaseClass:/BlockoutToolsPlugin/Blueprints/Blockout_Box.Blockout_Box_C NativeClass:/Script/BlockoutToolsPlugin.BlockoutToolsParent Name:Blockout_Box_C_UAID_5811223EB18D13D001_2021928180 Label:Blockout_Box14 SpatiallyLoaded:1 Bounds:IsValid=true, Min=(X=2300.000 Y=-1550.000 Z=-860.000), Max=(X=3200.000 Y=-1500.000 Z=-370.000) RuntimeGrid:None EditorOnly:0 RuntimeOnly:0 HLODRelevant:1
 |   |   |- Guid:DCB8096F433DECEA837F099494007EC4 BaseClass: NativeClass:/Script/Engine.DirectionalLight Name:DirectionalLight_1 Label:DirectionalLight SpatiallyLoaded:0 Bounds:IsValid=true, Min=(X=-4398046511104.000 Y=-4398046511104.000 Z=-4398046511104.000), Max=(X=4398046511104.000 Y=4398046511104.000 Z=4398046511104.000) RuntimeGrid:None EditorOnly:0 RuntimeOnly:0 HLODRelevant:0 FolderPath:Lighting FolderGuid:0BA5F0A04EADB18E70D5B180D08FA34B
 |   |   |- Guid:DE8FAA71453A8DDFFDD685AF562554DD BaseClass:/BlockoutToolsPlugin/Blueprints/Blockout_Box.Blockout_Box_C NativeClass:/Script/BlockoutToolsPlugin.BlockoutToolsParent Name:Blockout_Box_C_UAID_5811223EB18D13D001_1581613173 Label:Blockout_Box8 SpatiallyLoaded:1 Bounds:IsValid=true, Min=(X=2300.000 Y=-950.000 Z=-860.000), Max=(X=2950.000 Y=-900.000 Z=-370.000) RuntimeGrid:None EditorOnly:0 RuntimeOnly:0 HLODRelevant:1
 |   |   |- Guid:E48C01F5499021A9C92C62B06AB9C304 BaseClass:/BlockoutToolsPlugin/Blueprints/Blockout_Box.Blockout_Box_C NativeClass:/Script/BlockoutToolsPlugin.BlockoutToolsParent Name:Blockout_Box_C_UAID_5811223EB18D14D001_1260723366 Label:Blockout_Box21 SpatiallyLoaded:1 Bounds:IsValid=true, Min=(X=2300.000 Y=-690.000 Z=-640.500), Max=(X=2356.687 Y=-670.000 Z=-563.316) RuntimeGrid:None EditorOnly:0 RuntimeOnly:0 HLODRelevant:1
 |   |   |- Guid:E663D8E1430E28BAD745F689176E3ADD BaseClass:/BlockoutToolsPlugin/Blueprints/Blockout_Cylinder.Blockout_Cylinder_C NativeClass:/Script/BlockoutToolsPlugin.BlockoutToolsParent Name:Blockout_Cylinder_C_UAID_5811223EB18D12D001_1806153980 Label:Blockout_Cylinder SpatiallyLoaded:1 Bounds:IsValid=true, Min=(X=2550.000 Y=-530.000 Z=-860.000), Max=(X=2650.000 Y=-430.000 Z=-680.000) RuntimeGrid:None EditorOnly:0 RuntimeOnly:0 HLODRelevant:1
 |   |   |- Guid:F09B10A44618D50C37786DB70CF76164 BaseClass:/BlockoutToolsPlugin/Blueprints/Blockout_Stairs_Linear.Blockout_Stairs_Linear_C NativeClass:/Script/BlockoutToolsPlugin.BlockoutToolsParent Name:Blockout_Stairs_Linear_C_UAID_5811223EB18D12D001_1890763983 Label:Blockout_Stairs_Linear2 SpatiallyLoaded:1 Bounds:IsValid=true, Min=(X=1410.000 Y=150.000 Z=-320.000), Max=(X=1810.000 Y=300.000 Z=-170.000) RuntimeGrid:None EditorOnly:0 RuntimeOnly:0 HLODRelevant:1
 |   |   |- Guid:F73104A84B64BB1DDCB73DB9CE26CA30 BaseClass:/BlockoutToolsPlugin/Blueprints/Blockout_Box.Blockout_Box_C NativeClass:/Script/BlockoutToolsPlugin.BlockoutToolsParent Name:Blockout_Box_C_UAID_5811223EB18D13D001_1893900177 Label:Blockout_Box11 SpatiallyLoaded:1 Bounds:IsValid=true, Min=(X=3200.000 Y=-1550.000 Z=-860.000), Max=(X=3250.000 Y=-550.000 Z=-360.000) RuntimeGrid:None EditorOnly:0 RuntimeOnly:0 HLODRelevant:1
 |   |- [+] Clusters:
 |   |   |- [+] [  0]
 |   |   |   |- Guid:77567C6B4C54FEB0847D1A8E43926B70 BaseClass: NativeClass:/Script/Engine.WorldDataLayers Name:WorldDataLayers Label:WorldDataLayers SpatiallyLoaded:0 Bounds:IsValid=true, Min=(X=0.000 Y=0.000 Z=0.000), Max=(X=0.000 Y=0.000 Z=0.000) RuntimeGrid:None EditorOnly:0 RuntimeOnly:0 HLODRelevant:0
 |   |   |- [+] [  1]
 |   |   |   |- Guid:03FF994B4EB5DBCD431DBA971CE4DA8A BaseClass: NativeClass:/Script/Engine.PlayerStart Name:PlayerStart_0 Label:PlayerStart SpatiallyLoaded:0 Bounds:IsValid=true, Min=(X=2350.000 Y=-140.000 Z=-789.987), Max=(X=2430.000 Y=-60.000 Z=-605.987) RuntimeGrid:None EditorOnly:0 RuntimeOnly:0 HLODRelevant:0
 |   |   |- [+] [  2]
 |   |   |   |- Guid:23372BEC4FB6ED92514974AC5DC7AC00 BaseClass:/BlockoutToolsPlugin/Blueprints/Blockout_Box.Blockout_Box_C NativeClass:/Script/BlockoutToolsPlugin.BlockoutToolsParent Name:Blockout_Box_C_UAID_5811223EB18D14D001_1473127386 Label:Blockout_Box33 SpatiallyLoaded:1 Bounds:IsValid=true, Min=(X=2760.000 Y=1043.313 Z=-640.500), Max=(X=2780.000 Y=1100.000 Z=-563.316) RuntimeGrid:None EditorOnly:0 RuntimeOnly:0 HLODRelevant:1
 |   |   |- [+] [  3]
 |   |   |   |- Guid:78CFC4304C92EA9445907FB4A8D999ED BaseClass:/BlockoutToolsPlugin/Blueprints/Blockout_Box.Blockout_Box_C NativeClass:/Script/BlockoutToolsPlugin.BlockoutToolsParent Name:Blockout_Box_C_UAID_5811223EB18D14D001_1473126385 Label:Blockout_Box32 SpatiallyLoaded:1 Bounds:IsValid=true, Min=(X=2790.000 Y=1070.000 Z=-660.000), Max=(X=2800.000 Y=1100.000 Z=-560.000) RuntimeGrid:None EditorOnly:0 RuntimeOnly:0 HLODRelevant:1
 |   |   |- [+] [  4]
 |   |   |   |- Guid:36205CE04897EDB76DE02A95C8D3ABA9 BaseClass:/BlockoutToolsPlugin/Blueprints/Blockout_Box.Blockout_Box_C NativeClass:/Script/BlockoutToolsPlugin.BlockoutToolsParent Name:Blockout_Box_C_UAID_5811223EB18D14D001_1473124384 Label:Blockout_Box31 SpatiallyLoaded:1 Bounds:IsValid=true, Min=(X=2740.000 Y=1070.000 Z=-660.000), Max=(X=2750.000 Y=1100.000 Z=-560.000) RuntimeGrid:None EditorOnly:0 RuntimeOnly:0 HLODRelevant:1
 |   |   |- [+] [  5]
 |   |   |   |- Guid:406953304B77329B7FE3AFBCFCDF894E BaseClass:/BlockoutToolsPlugin/Blueprints/Blockout_Box.Blockout_Box_C NativeClass:/Script/BlockoutToolsPlugin.BlockoutToolsParent Name:Blockout_Box_C_UAID_5811223EB18D14D001_1473121382 Label:Blockout_Box30 SpatiallyLoaded:1 Bounds:IsValid=true, Min=(X=2740.000 Y=1090.000 Z=-660.000), Max=(X=2800.000 Y=1100.000 Z=-560.000) RuntimeGrid:None EditorOnly:0 RuntimeOnly:0 HLODRelevant:1
 |   |   |- [+] [  6]
 |   |   |   |- Guid:BDB6CE3F4F0253B6CA274F8FC0DBE713 BaseClass:/BlockoutToolsPlugin/Blueprints/Blockout_Box.Blockout_Box_C NativeClass:/Script/BlockoutToolsPlugin.BlockoutToolsParent Name:Blockout_Box_C_UAID_5811223EB18D14D001_1459651381 Label:Blockout_Box29 SpatiallyLoaded:1 Bounds:IsValid=true, Min=(X=2750.000 Y=-1500.000 Z=-640.500), Max=(X=2770.000 Y=-1443.313 Z=-563.316) RuntimeGrid:None EditorOnly:0 RuntimeOnly:0 HLODRelevant:1
 |   |   |- [+] [  7]
 |   |   |   |- Guid:1CEDBD324AECFE075C22EB9B116B0A27 BaseClass: NativeClass:/Script/Engine.ExponentialHeightFog Name:ExponentialHeightFog_0 Label:ExponentialHeightFog SpatiallyLoaded:0 Bounds:IsValid=true, Min=(X=-5600.000 Y=-50.000 Z=-6850.000), Max=(X=-5600.000 Y=-50.000 Z=-6850.000) RuntimeGrid:None EditorOnly:0 RuntimeOnly:0 HLODRelevant:0 FolderPath:Lighting FolderGuid:0BA5F0A04EADB18E70D5B180D08FA34B
 |   |   |- [+] [  8]
 |   |   |   |- Guid:DCB8096F433DECEA837F099494007EC4 BaseClass: NativeClass:/Script/Engine.DirectionalLight Name:DirectionalLight_1 Label:DirectionalLight SpatiallyLoaded:0 Bounds:IsValid=true, Min=(X=-4398046511104.000 Y=-4398046511104.000 Z=-4398046511104.000), Max=(X=4398046511104.000 Y=4398046511104.000 Z=4398046511104.000) RuntimeGrid:None EditorOnly:0 RuntimeOnly:0 HLODRelevant:0 FolderPath:Lighting FolderGuid:0BA5F0A04EADB18E70D5B180D08FA34B
 |   |   |- [+] [  9]
 |   |   |   |- Guid:5FF567114D75D88C751212872B2AD3B4 BaseClass:/BlockoutToolsPlugin/Blueprints/Blockout_Box.Blockout_Box_C NativeClass:/Script/BlockoutToolsPlugin.BlockoutToolsParent Name:Blockout_Box_C_UAID_5811223EB18D14D001_1459649380 Label:Blockout_Box28 SpatiallyLoaded:1 Bounds:IsValid=true, Min=(X=2730.000 Y=-1500.000 Z=-660.000), Max=(X=2740.000 Y=-1470.000 Z=-560.000) RuntimeGrid:None EditorOnly:0 RuntimeOnly:0 HLODRelevant:1
 |   |   |- [+] [ 10]
 |   |   |   |- Guid:99A0CC2149D7700C4CAE399B06916698 BaseClass:/BlockoutToolsPlugin/Blueprints/Blockout_Box.Blockout_Box_C NativeClass:/Script/BlockoutToolsPlugin.BlockoutToolsParent Name:Blockout_Box_C_UAID_5811223EB18D14D001_1459648379 Label:Blockout_Box27 SpatiallyLoaded:1 Bounds:IsValid=true, Min=(X=2780.000 Y=-1500.000 Z=-660.000), Max=(X=2790.000 Y=-1470.000 Z=-560.000) RuntimeGrid:None EditorOnly:0 RuntimeOnly:0 HLODRelevant:1
 |   |   |- [+] [ 11]
 |   |   |   |- Guid:2EB48ADF4A54AC0D760368898099EDAE BaseClass: NativeClass:/Script/Engine.SkyLight Name:SkyLight_0 Label:SkyLight SpatiallyLoaded:0 Bounds:IsValid=true, Min=(X=0.000 Y=0.000 Z=690.000), Max=(X=0.000 Y=0.000 Z=690.000) RuntimeGrid:None EditorOnly:0 RuntimeOnly:0 HLODRelevant:0 FolderPath:Lighting FolderGuid:0BA5F0A04EADB18E70D5B180D08FA34B
 |   |   |- [+] [ 12]
 |   |   |   |- Guid:05DAA00743309508804032AF4139CD2E BaseClass:/BlockoutToolsPlugin/Blueprints/Blockout_Box.Blockout_Box_C NativeClass:/Script/BlockoutToolsPlugin.BlockoutToolsParent Name:Blockout_Box_C_UAID_5811223EB18D14D001_1459645377 Label:Blockout_Box26 SpatiallyLoaded:1 Bounds:IsValid=true, Min=(X=2730.000 Y=-1500.000 Z=-660.000), Max=(X=2790.000 Y=-1490.000 Z=-560.000) RuntimeGrid:None EditorOnly:0 RuntimeOnly:0 HLODRelevant:1
 |   |   |- [+] [ 13]
 |   |   |   |- Guid:2D695885429630E93D05C6874B420662 BaseClass: NativeClass:/Script/Engine.VolumetricCloud Name:VolumetricCloud_0 Label:VolumetricCloud SpatiallyLoaded:0 Bounds:IsValid=true, Min=(X=0.000 Y=0.000 Z=820.000), Max=(X=0.000 Y=0.000 Z=820.000) RuntimeGrid:None EditorOnly:0 RuntimeOnly:0 HLODRelevant:0 FolderPath:Lighting FolderGuid:0BA5F0A04EADB18E70D5B180D08FA34B
 |   |   |- [+] [ 14]
 |   |   |   |- Guid:82275CBA425D77EB93C3D7B6DCBEABCC BaseClass: NativeClass:/Script/Engine.PointLight Name:PointLight_UAID_5811223EB18D14D001_1428332376 Label:PointLight6 SpatiallyLoaded:1 Bounds:IsValid=true, Min=(X=-13644.000 Y=-17634.000 Z=-16874.000), Max=(X=19124.000 Y=15134.000 Z=15894.000) RuntimeGrid:None EditorOnly:0 RuntimeOnly:0 HLODRelevant:0
 |   |   |- [+] [ 15]
 |   |   |   |- Guid:3B30FAC948BE3AF8C6C5F19E3FCE0BA8 BaseClass: NativeClass:/Script/Engine.PointLight Name:PointLight_UAID_5811223EB18D14D001_1419895375 Label:PointLight5 SpatiallyLoaded:1 Bounds:IsValid=true, Min=(X=-13644.000 Y=-15594.000 Z=-16874.000), Max=(X=19124.000 Y=17174.000 Z=15894.000) RuntimeGrid:None EditorOnly:0 RuntimeOnly:0 HLODRelevant:0
 |   |   |- [+] [ 16]
 |   |   |   |- Guid:D208D92346094917268F75BD461980AF BaseClass: NativeClass:/Script/Engine.PointLight Name:PointLight_UAID_5811223EB18D14D001_1416777374 Label:PointLight4 SpatiallyLoaded:1 Bounds:IsValid=true, Min=(X=-13824.000 Y=-16234.000 Z=-16874.000), Max=(X=18944.000 Y=16534.000 Z=15894.000) RuntimeGrid:None EditorOnly:0 RuntimeOnly:0 HLODRelevant:0
 |   |   |- [+] [ 17]
 |   |   |   |- Guid:D959F92F48FF42E51ACE229129BD4C59 BaseClass:/BlockoutToolsPlugin/Blueprints/Blockout_Box.Blockout_Box_C NativeClass:/Script/BlockoutToolsPlugin.BlockoutToolsParent Name:Blockout_Box_C_UAID_5811223EB18D14D001_1400593373 Label:Blockout_Box25 SpatiallyLoaded:1 Bounds:IsValid=true, Min=(X=2300.000 Y=210.000 Z=-640.500), Max=(X=2356.687 Y=230.000 Z=-563.316) RuntimeGrid:None EditorOnly:0 RuntimeOnly:0 HLODRelevant:1
 |   |   |- [+] [ 18]
 |   |   |   |- Guid:5AD7537B438FC8F20CD33C913FE779E1 BaseClass:/BlockoutToolsPlugin/Blueprints/Blockout_Box.Blockout_Box_C NativeClass:/Script/BlockoutToolsPlugin.BlockoutToolsParent Name:Blockout_Box_C_UAID_5811223EB18D14D001_1400592372 Label:Blockout_Box24 SpatiallyLoaded:1 Bounds:IsValid=true, Min=(X=2300.000 Y=240.000 Z=-660.000), Max=(X=2330.000 Y=250.000 Z=-560.000) RuntimeGrid:None EditorOnly:0 RuntimeOnly:0 HLODRelevant:1
 |   |   |- [+] [ 19]
 |   |   |   |- Guid:37F841A142CE929ACB1EDE88DFCF1E6E BaseClass:/BlockoutToolsPlugin/Blueprints/Blockout_Box.Blockout_Box_C NativeClass:/Script/BlockoutToolsPlugin.BlockoutToolsParent Name:Blockout_Box_C_UAID_5811223EB18D14D001_1400591371 Label:Blockout_Box23 SpatiallyLoaded:1 Bounds:IsValid=true, Min=(X=2300.000 Y=190.000 Z=-660.000), Max=(X=2330.000 Y=200.000 Z=-560.000) RuntimeGrid:None EditorOnly:0 RuntimeOnly:0 HLODRelevant:1
 |   |   |- [+] [ 20]
 |   |   |   |- Guid:28B9B32046406BD7DB10208A22417E19 BaseClass:/BlockoutToolsPlugin/Blueprints/Blockout_Box.Blockout_Box_C NativeClass:/Script/BlockoutToolsPlugin.BlockoutToolsParent Name:Blockout_Box_C_UAID_5811223EB18D14D001_1400586369 Label:Blockout_Box22 SpatiallyLoaded:1 Bounds:IsValid=true, Min=(X=2300.000 Y=190.000 Z=-660.000), Max=(X=2310.000 Y=250.000 Z=-560.000) RuntimeGrid:None EditorOnly:0 RuntimeOnly:0 HLODRelevant:1
 |   |   |- [+] [ 21]
 |   |   |   |- Guid:E48C01F5499021A9C92C62B06AB9C304 BaseClass:/BlockoutToolsPlugin/Blueprints/Blockout_Box.Blockout_Box_C NativeClass:/Script/BlockoutToolsPlugin.BlockoutToolsParent Name:Blockout_Box_C_UAID_5811223EB18D14D001_1260723366 Label:Blockout_Box21 SpatiallyLoaded:1 Bounds:IsValid=true, Min=(X=2300.000 Y=-690.000 Z=-640.500), Max=(X=2356.687 Y=-670.000 Z=-563.316) RuntimeGrid:None EditorOnly:0 RuntimeOnly:0 HLODRelevant:1
 |   |   |- [+] [ 22]
 |   |   |   |- Guid:03CD1B0E4F7CE5F6004705802758A98D BaseClass:/BlockoutToolsPlugin/Blueprints/Blockout_Box.Blockout_Box_C NativeClass:/Script/BlockoutToolsPlugin.BlockoutToolsParent Name:Blockout_Box_C_UAID_5811223EB18D14D001_1255575365 Label:Blockout_Box20 SpatiallyLoaded:1 Bounds:IsValid=true, Min=(X=2300.000 Y=-660.000 Z=-660.000), Max=(X=2330.000 Y=-650.000 Z=-560.000) RuntimeGrid:None EditorOnly:0 RuntimeOnly:0 HLODRelevant:1
 |   |   |- [+] [ 23]
 |   |   |   |- Guid:16F1EE2247363324151214B2389DD211 BaseClass:/BlockoutToolsPlugin/Blueprints/Blockout_Box.Blockout_Box_C NativeClass:/Script/BlockoutToolsPlugin.BlockoutToolsParent Name:Blockout_Box_C_UAID_5811223EB18D14D001_1243504364 Label:Blockout_Box19 SpatiallyLoaded:1 Bounds:IsValid=true, Min=(X=2300.000 Y=-710.000 Z=-660.000), Max=(X=2330.000 Y=-700.000 Z=-560.000) RuntimeGrid:None EditorOnly:0 RuntimeOnly:0 HLODRelevant:1
 |   |   |- [+] [ 24]
 |   |   |   |- Guid:503AE3554C87410711C454B36A41F16A BaseClass:/BlockoutToolsPlugin/Blueprints/Blockout_Box.Blockout_Box_C NativeClass:/Script/BlockoutToolsPlugin.BlockoutToolsParent Name:Blockout_Box_C_UAID_5811223EB18D14D001_1233938363 Label:Blockout_Box18 SpatiallyLoaded:1 Bounds:IsValid=true, Min=(X=2300.000 Y=-710.000 Z=-660.000), Max=(X=2310.000 Y=-650.000 Z=-560.000) RuntimeGrid:None EditorOnly:0 RuntimeOnly:0 HLODRelevant:1
 |   |   |- [+] [ 25]
 |   |   |   |- Guid:08E0F38A4665A6989D5FD19D4A089558 BaseClass: NativeClass:/Script/Engine.PointLight Name:PointLight_UAID_5811223EB18D14D001_1306160367 Label:PointLight3 SpatiallyLoaded:1 Bounds:IsValid=true, Min=(X=-13824.000 Y=-17054.000 Z=-16874.000), Max=(X=18944.000 Y=15714.000 Z=15894.000) RuntimeGrid:None EditorOnly:0 RuntimeOnly:0 HLODRelevant:0
 |   |   |- [+] [ 26]
 |   |   |   |- Guid:5EBB4FF54AF800993AC13497FE980DA5 BaseClass:/Game/FirstPerson/Blueprints/BP_Pickup_Rifle.BP_Pickup_Rifle_C NativeClass:/Script/Engine.Actor Name:BP_Rifle_C_1 Label:BP_Pickup_Rifle SpatiallyLoaded:1 Bounds:IsValid=true, Min=(X=1378.000 Y=818.000 Z=64.000), Max=(X=1442.000 Y=907.440 Z=128.000) RuntimeGrid:None EditorOnly:0 RuntimeOnly:0 HLODRelevant:0
 |   |   |- [+] [ 27]
 |   |   |   |- Guid:8493152B41D763FD943019B8CC165EFC BaseClass:/BlockoutToolsPlugin/Blueprints/Blockout_Box.Blockout_Box_C NativeClass:/Script/BlockoutToolsPlugin.BlockoutToolsParent Name:Blockout_Box_C_UAID_5811223EB18D13D001_2120260184 Label:Blockout_Box17 SpatiallyLoaded:1 Bounds:IsValid=true, Min=(X=2940.000 Y=400.000 Z=-560.000), Max=(X=3200.000 Y=450.000 Z=-370.000) RuntimeGrid:None EditorOnly:0 RuntimeOnly:0 HLODRelevant:1
 |   |   |- [+] [ 28]
 |   |   |   |- Guid:5D3BCBE7421054A389830B953A4D0BE9 BaseClass:/BlockoutToolsPlugin/Blueprints/Blockout_Box.Blockout_Box_C NativeClass:/Script/BlockoutToolsPlugin.BlockoutToolsParent Name:Blockout_Box_C_UAID_5811223EB18D13D001_2072046183 Label:Blockout_Box16 SpatiallyLoaded:1 Bounds:IsValid=true, Min=(X=2300.000 Y=-1550.000 Z=-370.000), Max=(X=3250.000 Y=1150.000 Z=-320.000) RuntimeGrid:None EditorOnly:0 RuntimeOnly:0 HLODRelevant:1
 |   |   |- [+] [ 29]
 |   |   |   |- Guid:5ABEB48F4367FB04F11FF59B5C8698B0 BaseClass:/BlockoutToolsPlugin/Blueprints/Blockout_Box.Blockout_Box_C NativeClass:/Script/BlockoutToolsPlugin.BlockoutToolsParent Name:Blockout_Box_C_UAID_5811223EB18D13D001_2060549182 Label:Blockout_Box12 SpatiallyLoaded:1 Bounds:IsValid=true, Min=(X=3200.000 Y=150.000 Z=-870.000), Max=(X=3250.000 Y=1150.000 Z=-370.000) RuntimeGrid:None EditorOnly:0 RuntimeOnly:0 HLODRelevant:1
 |   |   |- [+] [ 30]
 |   |   |   |- Guid:C9F585D04595E2AEB50630A5E4B128B2 BaseClass: NativeClass:/Script/Engine.StaticMeshActor Name:StaticMeshActor_UAID_A4AE111137DC5EFB00_2001720423 Label:SM_SkySphere SpatiallyLoaded:0 Bounds:IsValid=true, Min=(X=-1638400.000 Y=-1638400.000 Z=-1638400.000), Max=(X=1638400.000 Y=1638400.000 Z=1638400.000) RuntimeGrid:None EditorOnly:0 RuntimeOnly:0 HLODRelevant:1 FolderPath:Lighting FolderGuid:0BA5F0A04EADB18E70D5B180D08FA34B
 |   |   |- [+] [ 31]
 |   |   |   |- Guid:289253FE4E7BA4E7B7B5C2887377CABC BaseClass:/BlockoutToolsPlugin/Blueprints/Blockout_Box.Blockout_Box_C NativeClass:/Script/BlockoutToolsPlugin.BlockoutToolsParent Name:Blockout_Box_C_UAID_5811223EB18D13D001_2034820181 Label:Blockout_Box15 SpatiallyLoaded:1 Bounds:IsValid=true, Min=(X=2300.000 Y=1100.000 Z=-860.000), Max=(X=3200.000 Y=1150.000 Z=-370.000) RuntimeGrid:None EditorOnly:0 RuntimeOnly:0 HLODRelevant:1
 |   |   |- [+] [ 32]
 |   |   |   |- Guid:DACE585F46F0EE11EFEF6F8D08103B4D BaseClass:/BlockoutToolsPlugin/Blueprints/Blockout_Box.Blockout_Box_C NativeClass:/Script/BlockoutToolsPlugin.BlockoutToolsParent Name:Blockout_Box_C_UAID_5811223EB18D13D001_2021928180 Label:Blockout_Box14 SpatiallyLoaded:1 Bounds:IsValid=true, Min=(X=2300.000 Y=-1550.000 Z=-860.000), Max=(X=3200.000 Y=-1500.000 Z=-370.000) RuntimeGrid:None EditorOnly:0 RuntimeOnly:0 HLODRelevant:1
 |   |   |- [+] [ 33]
 |   |   |   |- Guid:9021E599429F87C6E864FC9861B7FA04 BaseClass:/BlockoutToolsPlugin/Blueprints/Blockout_Box.Blockout_Box_C NativeClass:/Script/BlockoutToolsPlugin.BlockoutToolsParent Name:Blockout_Box_C_UAID_5811223EB18D13D001_1959620179 Label:Blockout_Box13 SpatiallyLoaded:1 Bounds:IsValid=true, Min=(X=2300.000 Y=400.000 Z=-860.000), Max=(X=2940.000 Y=450.000 Z=-370.000) RuntimeGrid:None EditorOnly:0 RuntimeOnly:0 HLODRelevant:1
 |   |   |- [+] [ 34]
 |   |   |   |- Guid:8D3C15DB402A960C2C291F9DC7846F37 BaseClass: NativeClass:/Script/Engine.SkyAtmosphere Name:SkyAtmosphere_0 Label:SkyAtmosphere SpatiallyLoaded:0 Bounds:IsValid=true, Min=(X=0.000 Y=0.000 Z=1020.000), Max=(X=0.000 Y=0.000 Z=1020.000) RuntimeGrid:None EditorOnly:0 RuntimeOnly:0 HLODRelevant:0 FolderPath:Lighting FolderGuid:0BA5F0A04EADB18E70D5B180D08FA34B
 |   |   |- [+] [ 35]
 |   |   |   |- Guid:F73104A84B64BB1DDCB73DB9CE26CA30 BaseClass:/BlockoutToolsPlugin/Blueprints/Blockout_Box.Blockout_Box_C NativeClass:/Script/BlockoutToolsPlugin.BlockoutToolsParent Name:Blockout_Box_C_UAID_5811223EB18D13D001_1893900177 Label:Blockout_Box11 SpatiallyLoaded:1 Bounds:IsValid=true, Min=(X=3200.000 Y=-1550.000 Z=-860.000), Max=(X=3250.000 Y=-550.000 Z=-360.000) RuntimeGrid:None EditorOnly:0 RuntimeOnly:0 HLODRelevant:1
 |   |   |- [+] [ 36]
 |   |   |   |- Guid:93D2A83746BB5671817E4AA5371FA65D BaseClass:/BlockoutToolsPlugin/Blueprints/Blockout_Box.Blockout_Box_C NativeClass:/Script/BlockoutToolsPlugin.BlockoutToolsParent Name:Blockout_Box_C_UAID_5811223EB18D13D001_1786434176 Label:Blockout_Box10 SpatiallyLoaded:1 Bounds:IsValid=true, Min=(X=2250.000 Y=0.000 Z=-870.000), Max=(X=2300.000 Y=1150.000 Z=-370.000) RuntimeGrid:None EditorOnly:0 RuntimeOnly:0 HLODRelevant:1
 |   |   |- [+] [ 37]
 |   |   |   |- Guid:B3F28D104312548811D1FEB92C64A1E7 BaseClass:/BlockoutToolsPlugin/Blueprints/Blockout_Box.Blockout_Box_C NativeClass:/Script/BlockoutToolsPlugin.BlockoutToolsParent Name:Blockout_Box_C_UAID_5811223EB18D13D001_1650530174 Label:Blockout_Box9 SpatiallyLoaded:1 Bounds:IsValid=true, Min=(X=2250.000 Y=-1550.000 Z=-870.000), Max=(X=2300.000 Y=-400.000 Z=-370.000) RuntimeGrid:None EditorOnly:0 RuntimeOnly:0 HLODRelevant:1
 |   |   |- [+] [ 38]
 |   |   |   |- Guid:DE8FAA71453A8DDFFDD685AF562554DD BaseClass:/BlockoutToolsPlugin/Blueprints/Blockout_Box.Blockout_Box_C NativeClass:/Script/BlockoutToolsPlugin.BlockoutToolsParent Name:Blockout_Box_C_UAID_5811223EB18D13D001_1581613173 Label:Blockout_Box8 SpatiallyLoaded:1 Bounds:IsValid=true, Min=(X=2300.000 Y=-950.000 Z=-860.000), Max=(X=2950.000 Y=-900.000 Z=-370.000) RuntimeGrid:None EditorOnly:0 RuntimeOnly:0 HLODRelevant:1
 |   |   |- [+] [ 39]
 |   |   |   |- Guid:0907B76745D472D00A896D9A5A18739F BaseClass:/BlockoutToolsPlugin/Blueprints/Blockout_Box.Blockout_Box_C NativeClass:/Script/BlockoutToolsPlugin.BlockoutToolsParent Name:Blockout_Box_C_UAID_5811223EB18D13D001_1330935170 Label:Blockout_Box7 SpatiallyLoaded:1 Bounds:IsValid=true, Min=(X=1810.000 Y=0.000 Z=-920.000), Max=(X=2250.000 Y=50.000 Z=-20.000) RuntimeGrid:None EditorOnly:0 RuntimeOnly:0 HLODRelevant:1
 |   |   |- [+] [ 40]
 |   |   |   |- Guid:116394EA4BAD8D4D876DB9AB206065DC BaseClass:/BlockoutToolsPlugin/Blueprints/Blockout_Box.Blockout_Box_C NativeClass:/Script/BlockoutToolsPlugin.BlockoutToolsParent Name:Blockout_Box_C_UAID_5811223EB18D13D001_1189387169 Label:Blockout_Box6 SpatiallyLoaded:1 Bounds:IsValid=true, Min=(X=1360.000 Y=-450.000 Z=-920.000), Max=(X=2250.000 Y=-400.000 Z=-20.000) RuntimeGrid:None EditorOnly:0 RuntimeOnly:0 HLODRelevant:1
 |   |   |- [+] [ 41]
 |   |   |   |- Guid:C1581D2C40E7A94568353EBE8CD75200 BaseClass:/BlockoutToolsPlugin/Blueprints/Blockout_Box.Blockout_Box_C NativeClass:/Script/BlockoutToolsPlugin.BlockoutToolsParent Name:Blockout_Box_C_UAID_5811223EB18D13D001_1108484168 Label:Blockout_Box5 SpatiallyLoaded:1 Bounds:IsValid=true, Min=(X=1810.000 Y=0.000 Z=-480.000), Max=(X=1860.000 Y=450.000 Z=-20.000) RuntimeGrid:None EditorOnly:0 RuntimeOnly:0 HLODRelevant:1
 |   |   |- [+] [ 42]
 |   |   |   |- Guid:2CB2544742E935AF0AEC039C2C84EE07 BaseClass:/BlockoutToolsPlugin/Blueprints/Blockout_Box.Blockout_Box_C NativeClass:/Script/BlockoutToolsPlugin.BlockoutToolsParent Name:Blockout_Box_C_UAID_5811223EB18D12D001_2131286991 Label:Blockout_Box2 SpatiallyLoaded:1 Bounds:IsValid=true, Min=(X=1360.000 Y=-400.000 Z=-480.000), Max=(X=1410.000 Y=450.000 Z=-20.000) RuntimeGrid:None EditorOnly:0 RuntimeOnly:0 HLODRelevant:1
 |   |   |- [+] [ 43]
 |   |   |   |- Guid:676CBD4D45B4DA306830FA9FA26E4460 BaseClass:/BlockoutToolsPlugin/Blueprints/Blockout_Box.Blockout_Box_C NativeClass:/Script/BlockoutToolsPlugin.BlockoutToolsParent Name:Blockout_Box_C_UAID_5811223EB18D12D001_2074660990 Label:Blockout_Box4 SpatiallyLoaded:1 Bounds:IsValid=true, Min=(X=2250.000 Y=-1550.000 Z=-900.000), Max=(X=3250.000 Y=1150.000 Z=-860.000) RuntimeGrid:None EditorOnly:0 RuntimeOnly:0 HLODRelevant:1
 |   |   |- [+] [ 44]
 |   |   |   |- Guid:1B215D5E4819AC31F3FD28899B132A5F BaseClass:/BlockoutToolsPlugin/Blueprints/Blockout_Stairs_Linear.Blockout_Stairs_Linear_C NativeClass:/Script/BlockoutToolsPlugin.BlockoutToolsParent Name:Blockout_Stairs_Linear_C_UAID_5811223EB18D12D001_2040932989 Label:Blockout_Stairs_Linear6 SpatiallyLoaded:1 Bounds:IsValid=true, Min=(X=2110.000 Y=-400.000 Z=-890.000), Max=(X=2260.000 Y=0.000 Z=-740.000) RuntimeGrid:None EditorOnly:0 RuntimeOnly:0 HLODRelevant:1
 |   |   |- [+] [ 45]
 |   |   |   |- Guid:D70C9536470189F5687A068E3CBA6AB1 BaseClass:/BlockoutToolsPlugin/Blueprints/Blockout_Stairs_Linear.Blockout_Stairs_Linear_C NativeClass:/Script/BlockoutToolsPlugin.BlockoutToolsParent Name:Blockout_Stairs_Linear_C_UAID_5811223EB18D12D001_2040931988 Label:Blockout_Stairs_Linear5 SpatiallyLoaded:1 Bounds:IsValid=true, Min=(X=1960.000 Y=-400.000 Z=-740.000), Max=(X=2110.000 Y=0.000 Z=-590.000) RuntimeGrid:None EditorOnly:0 RuntimeOnly:0 HLODRelevant:1
 |   |   |- [+] [ 46]
 |   |   |   |- Guid:1FD318CC40D52578CD97EEB294C1D169 BaseClass:/BlockoutToolsPlugin/Blueprints/Blockout_Stairs_Linear.Blockout_Stairs_Linear_C NativeClass:/Script/BlockoutToolsPlugin.BlockoutToolsParent Name:Blockout_Stairs_Linear_C_UAID_5811223EB18D12D001_2040927987 Label:Blockout_Stairs_Linear4 SpatiallyLoaded:1 Bounds:IsValid=true, Min=(X=1810.000 Y=-400.000 Z=-590.000), Max=(X=1960.000 Y=0.000 Z=-440.000) RuntimeGrid:None EditorOnly:0 RuntimeOnly:0 HLODRelevant:1
 |   |   |- [+] [ 47]
 |   |   |   |- Guid:11D0160D4E2895D084C4FFB250CE3267 BaseClass:/BlockoutToolsPlugin/Blueprints/Blockout_Box.Blockout_Box_C NativeClass:/Script/BlockoutToolsPlugin.BlockoutToolsParent Name:Blockout_Box_C_UAID_5811223EB18D12D001_2000218986 Label:Blockout_Box3 SpatiallyLoaded:1 Bounds:IsValid=true, Min=(X=1410.000 Y=-400.000 Z=-480.000), Max=(X=1810.000 Y=0.000 Z=-440.000) RuntimeGrid:None EditorOnly:0 RuntimeOnly:0 HLODRelevant:1
 |   |   |- [+] [ 48]
 |   |   |   |- Guid:D0839EA240C54000AC9C2283658BC17D BaseClass:/BlockoutToolsPlugin/Blueprints/Blockout_Stairs_Linear.Blockout_Stairs_Linear_C NativeClass:/Script/BlockoutToolsPlugin.BlockoutToolsParent Name:Blockout_Stairs_Linear_C_UAID_5811223EB18D12D001_1953136984 Label:Blockout_Stairs_Linear3 SpatiallyLoaded:1 Bounds:IsValid=true, Min=(X=1410.000 Y=0.000 Z=-470.000), Max=(X=1810.000 Y=150.000 Z=-320.000) RuntimeGrid:None EditorOnly:0 RuntimeOnly:0 HLODRelevant:1
 |   |   |- [+] [ 49]
 |   |   |   |- Guid:BB1166BA49E34B8FF32C829E38C6DB73 BaseClass:/BlockoutToolsPlugin/Blueprints/Blockout_Stairs_Linear.Blockout_Stairs_Linear_C NativeClass:/Script/BlockoutToolsPlugin.BlockoutToolsParent Name:Blockout_Stairs_Linear_C_UAID_5811223EB18D12D001_1862957982 Label:Blockout_Stairs_Linear SpatiallyLoaded:1 Bounds:IsValid=true, Min=(X=1410.000 Y=300.000 Z=-170.000), Max=(X=1810.000 Y=450.000 Z=-20.000) RuntimeGrid:None EditorOnly:0 RuntimeOnly:0 HLODRelevant:1
 |   |   |- [+] [ 50]
 |   |   |   |- Guid:71EF105C4AAB52ADB17F22AC126CFCF0 BaseClass: NativeClass:/Script/Engine.PostProcessVolume Name:PostProcessVolume_0 Label:PostProcessVolume SpatiallyLoaded:0 Bounds:IsValid=true, Min=(X=0.000 Y=0.000 Z=400.000), Max=(X=200.000 Y=200.000 Z=600.000) RuntimeGrid:None EditorOnly:0 RuntimeOnly:0 HLODRelevant:0 FolderPath:Lighting FolderGuid:0BA5F0A04EADB18E70D5B180D08FA34B
 |   |   |- [+] [ 51]
 |   |   |   |- Guid:F09B10A44618D50C37786DB70CF76164 BaseClass:/BlockoutToolsPlugin/Blueprints/Blockout_Stairs_Linear.Blockout_Stairs_Linear_C NativeClass:/Script/BlockoutToolsPlugin.BlockoutToolsParent Name:Blockout_Stairs_Linear_C_UAID_5811223EB18D12D001_1890763983 Label:Blockout_Stairs_Linear2 SpatiallyLoaded:1 Bounds:IsValid=true, Min=(X=1410.000 Y=150.000 Z=-320.000), Max=(X=1810.000 Y=300.000 Z=-170.000) RuntimeGrid:None EditorOnly:0 RuntimeOnly:0 HLODRelevant:1
 |   |   |- [+] [ 52]
 |   |   |   |- Guid:E663D8E1430E28BAD745F689176E3ADD BaseClass:/BlockoutToolsPlugin/Blueprints/Blockout_Cylinder.Blockout_Cylinder_C NativeClass:/Script/BlockoutToolsPlugin.BlockoutToolsParent Name:Blockout_Cylinder_C_UAID_5811223EB18D12D001_1806153980 Label:Blockout_Cylinder SpatiallyLoaded:1 Bounds:IsValid=true, Min=(X=2550.000 Y=-530.000 Z=-860.000), Max=(X=2650.000 Y=-430.000 Z=-680.000) RuntimeGrid:None EditorOnly:0 RuntimeOnly:0 HLODRelevant:1
 |   |   |- [+] [ 53]
 |   |   |   |- Guid:5A7E49D243C21358197025B4DB6F6B50 BaseClass:/BlockoutToolsPlugin/Blueprints/Blockout_Box.Blockout_Box_C NativeClass:/Script/BlockoutToolsPlugin.BlockoutToolsParent Name:Blockout_Box_C_UAID_5811223EB18D12D001_1584654977 Label:Blockout_Box SpatiallyLoaded:1 Bounds:IsValid=true, Min=(X=960.000 Y=450.000 Z=-60.000), Max=(X=1860.000 Y=1040.000 Z=-20.000) RuntimeGrid:None EditorOnly:0 RuntimeOnly:0 HLODRelevant:1
 |- ContainerInstances:
 |- [+] MainContainer:
 |   |-        ID: 0x0000000000000000
 |   |-    Bounds: IsValid=false, Min=(X=0.000 Y=0.000 Z=0.000), Max=(X=0.000 Y=0.000 Z=0.000)
 |   |- Transform: 0.000000,0.000000,0.000000|0.000000,0.000000,-0.000000|1.000000,1.000000,1.000000
 |   |- Container: /Game/LD_Clotaire/Map_Clotaire_LD
----------------------------------------------------------------------------------------------------------------
Map_Clotaire_LD - Persistent Level
----------------------------------------------------------------------------------------------------------------
Always loaded Actor Count: 69 

----------------------------------------------------------------------------------------------------------------
Map_Clotaire_LD - Runtime Spatial Hash - Streaming Grid - MainGrid
----------------------------------------------------------------------------------------------------------------
            Origin: X=0.000 Y=0.000 Z=0.000
         Cell Size: 12800
      World Bounds: IsValid=false, Min=(X=0.000 Y=0.000 Z=0.000), Max=(X=0.000 Y=0.000 Z=0.000)
     Loading Range: 25600.00
Block Slow Loading: No
 ClientOnlyVisible: No

[+] Grid Levels: 1
 |- Level  0: Cell Count    0 | Cell Size   12800 | Actor Count    0 (0.0%)

[+] Content of Grid Level 0

