[+] Containers:
 |- [+] Container: /Game/LD_Clotaire/Map_Clotaire_LD
 |   |- [+] ActorDescs:
 |   |   |- Guid:03FF994B4EB5DBCD431DBA971CE4DA8A BaseClass: NativeClass:/Script/Engine.PlayerStart Name:PlayerStart_0 Label:PlayerStart SpatiallyLoaded:0 Bounds:IsValid=true, Min=(X=2350.000 Y=-140.000 Z=-789.987), Max=(X=2430.000 Y=-60.000 Z=-605.987) RuntimeGrid:None EditorOnly:0 RuntimeOnly:0 HLODRelevant:0
 |   |   |- Guid:0907B76745D472D00A896D9A5A18739F BaseClass:/BlockoutToolsPlugin/Blueprints/Blockout_Box.Blockout_Box_C NativeClass:/Script/BlockoutToolsPlugin.BlockoutToolsParent Name:Blockout_Box_C_UAID_5811223EB18D13D001_1330935170 Label:Blockout_Box7 SpatiallyLoaded:1 Bounds:IsValid=true, Min=(X=1810.000 Y=0.000 Z=-900.000), Max=(X=2250.000 Y=50.000 Z=-20.000) RuntimeGrid:None EditorOnly:0 RuntimeOnly:0 HLODRelevant:1
 |   |   |- Guid:116394EA4BAD8D4D876DB9AB206065DC BaseClass:/BlockoutToolsPlugin/Blueprints/Blockout_Box.Blockout_Box_C NativeClass:/Script/BlockoutToolsPlugin.BlockoutToolsParent Name:Blockout_Box_C_UAID_5811223EB18D13D001_1189387169 Label:Blockout_Box6 SpatiallyLoaded:1 Bounds:IsValid=true, Min=(X=1360.000 Y=-450.000 Z=-920.000), Max=(X=2250.000 Y=-400.000 Z=-20.000) RuntimeGrid:None EditorOnly:0 RuntimeOnly:0 HLODRelevant:1
 |   |   |- Guid:11D0160D4E2895D084C4FFB250CE3267 BaseClass:/BlockoutToolsPlugin/Blueprints/Blockout_Box.Blockout_Box_C NativeClass:/Script/BlockoutToolsPlugin.BlockoutToolsParent Name:Blockout_Box_C_UAID_5811223EB18D12D001_2000218986 Label:Blockout_Box3 SpatiallyLoaded:1 Bounds:IsValid=true, Min=(X=1410.000 Y=-400.000 Z=-480.000), Max=(X=1810.000 Y=0.000 Z=-440.000) RuntimeGrid:None EditorOnly:0 RuntimeOnly:0 HLODRelevant:1
 |   |   |- Guid:1B215D5E4819AC31F3FD28899B132A5F BaseClass:/BlockoutToolsPlugin/Blueprints/Blockout_Stairs_Linear.Blockout_Stairs_Linear_C NativeClass:/Script/BlockoutToolsPlugin.BlockoutToolsParent Name:Blockout_Stairs_Linear_C_UAID_5811223EB18D12D001_2040932989 Label:Blockout_Stairs_Linear6 SpatiallyLoaded:1 Bounds:IsValid=true, Min=(X=2110.000 Y=-400.000 Z=-890.000), Max=(X=2260.000 Y=0.000 Z=-740.000) RuntimeGrid:None EditorOnly:0 RuntimeOnly:0 HLODRelevant:1
 |   |   |- Guid:1CEDBD324AECFE075C22EB9B116B0A27 BaseClass: NativeClass:/Script/Engine.ExponentialHeightFog Name:ExponentialHeightFog_0 Label:ExponentialHeightFog SpatiallyLoaded:0 Bounds:IsValid=true, Min=(X=-5600.000 Y=-50.000 Z=-6850.000), Max=(X=-5600.000 Y=-50.000 Z=-6850.000) RuntimeGrid:None EditorOnly:0 RuntimeOnly:0 HLODRelevant:0 FolderPath:Lighting FolderGuid:0BA5F0A04EADB18E70D5B180D08FA34B
 |   |   |- Guid:1FD318CC40D52578CD97EEB294C1D169 BaseClass:/BlockoutToolsPlugin/Blueprints/Blockout_Stairs_Linear.Blockout_Stairs_Linear_C NativeClass:/Script/BlockoutToolsPlugin.BlockoutToolsParent Name:Blockout_Stairs_Linear_C_UAID_5811223EB18D12D001_2040927987 Label:Blockout_Stairs_Linear4 SpatiallyLoaded:1 Bounds:IsValid=true, Min=(X=1810.000 Y=-400.000 Z=-590.000), Max=(X=1960.000 Y=0.000 Z=-440.000) RuntimeGrid:None EditorOnly:0 RuntimeOnly:0 HLODRelevant:1
 |   |   |- Guid:2CB2544742E935AF0AEC039C2C84EE07 BaseClass:/BlockoutToolsPlugin/Blueprints/Blockout_Box.Blockout_Box_C NativeClass:/Script/BlockoutToolsPlugin.BlockoutToolsParent Name:Blockout_Box_C_UAID_5811223EB18D12D001_2131286991 Label:Blockout_Box2 SpatiallyLoaded:1 Bounds:IsValid=true, Min=(X=1360.000 Y=-400.000 Z=-480.000), Max=(X=1410.000 Y=450.000 Z=-20.000) RuntimeGrid:None EditorOnly:0 RuntimeOnly:0 HLODRelevant:1
 |   |   |- Guid:2D695885429630E93D05C6874B420662 BaseClass: NativeClass:/Script/Engine.VolumetricCloud Name:VolumetricCloud_0 Label:VolumetricCloud SpatiallyLoaded:0 Bounds:IsValid=true, Min=(X=0.000 Y=0.000 Z=820.000), Max=(X=0.000 Y=0.000 Z=820.000) RuntimeGrid:None EditorOnly:0 RuntimeOnly:0 HLODRelevant:0 FolderPath:Lighting FolderGuid:0BA5F0A04EADB18E70D5B180D08FA34B
 |   |   |- Guid:2EB48ADF4A54AC0D760368898099EDAE BaseClass: NativeClass:/Script/Engine.SkyLight Name:SkyLight_0 Label:SkyLight SpatiallyLoaded:0 Bounds:IsValid=true, Min=(X=0.000 Y=0.000 Z=690.000), Max=(X=0.000 Y=0.000 Z=690.000) RuntimeGrid:None EditorOnly:0 RuntimeOnly:0 HLODRelevant:0 FolderPath:Lighting FolderGuid:0BA5F0A04EADB18E70D5B180D08FA34B
 |   |   |- Guid:5A7E49D243C21358197025B4DB6F6B50 BaseClass:/BlockoutToolsPlugin/Blueprints/Blockout_Box.Blockout_Box_C NativeClass:/Script/BlockoutToolsPlugin.BlockoutToolsParent Name:Blockout_Box_C_UAID_5811223EB18D12D001_1584654977 Label:Blockout_Box SpatiallyLoaded:1 Bounds:IsValid=true, Min=(X=960.000 Y=450.000 Z=-60.000), Max=(X=1860.000 Y=1040.000 Z=-20.000) RuntimeGrid:None EditorOnly:0 RuntimeOnly:0 HLODRelevant:1
 |   |   |- Guid:5EBB4FF54AF800993AC13497FE980DA5 BaseClass:/Game/FirstPerson/Blueprints/BP_Pickup_Rifle.BP_Pickup_Rifle_C NativeClass:/Script/Engine.Actor Name:BP_Rifle_C_1 Label:BP_Pickup_Rifle SpatiallyLoaded:1 Bounds:IsValid=true, Min=(X=1378.000 Y=818.000 Z=64.000), Max=(X=1442.000 Y=907.440 Z=128.000) RuntimeGrid:None EditorOnly:0 RuntimeOnly:0 HLODRelevant:0
 |   |   |- Guid:676CBD4D45B4DA306830FA9FA26E4460 BaseClass:/BlockoutToolsPlugin/Blueprints/Blockout_Box.Blockout_Box_C NativeClass:/Script/BlockoutToolsPlugin.BlockoutToolsParent Name:Blockout_Box_C_UAID_5811223EB18D12D001_2074660990 Label:Blockout_Box4 SpatiallyLoaded:1 Bounds:IsValid=true, Min=(X=2250.000 Y=-1550.000 Z=-900.000), Max=(X=3150.000 Y=1140.000 Z=-860.000) RuntimeGrid:None EditorOnly:0 RuntimeOnly:0 HLODRelevant:1
 |   |   |- Guid:71EF105C4AAB52ADB17F22AC126CFCF0 BaseClass: NativeClass:/Script/Engine.PostProcessVolume Name:PostProcessVolume_0 Label:PostProcessVolume SpatiallyLoaded:0 Bounds:IsValid=true, Min=(X=0.000 Y=0.000 Z=400.000), Max=(X=200.000 Y=200.000 Z=600.000) RuntimeGrid:None EditorOnly:0 RuntimeOnly:0 HLODRelevant:0 FolderPath:Lighting FolderGuid:0BA5F0A04EADB18E70D5B180D08FA34B
 |   |   |- Guid:77567C6B4C54FEB0847D1A8E43926B70 BaseClass: NativeClass:/Script/Engine.WorldDataLayers Name:WorldDataLayers Label:WorldDataLayers SpatiallyLoaded:0 Bounds:IsValid=true, Min=(X=0.000 Y=0.000 Z=0.000), Max=(X=0.000 Y=0.000 Z=0.000) RuntimeGrid:None EditorOnly:0 RuntimeOnly:0 HLODRelevant:0
 |   |   |- Guid:8D3C15DB402A960C2C291F9DC7846F37 BaseClass: NativeClass:/Script/Engine.SkyAtmosphere Name:SkyAtmosphere_0 Label:SkyAtmosphere SpatiallyLoaded:0 Bounds:IsValid=true, Min=(X=0.000 Y=0.000 Z=1020.000), Max=(X=0.000 Y=0.000 Z=1020.000) RuntimeGrid:None EditorOnly:0 RuntimeOnly:0 HLODRelevant:0 FolderPath:Lighting FolderGuid:0BA5F0A04EADB18E70D5B180D08FA34B
 |   |   |- Guid:B3F28D104312548811D1FEB92C64A1E7 BaseClass:/BlockoutToolsPlugin/Blueprints/Blockout_Box.Blockout_Box_C NativeClass:/Script/BlockoutToolsPlugin.BlockoutToolsParent Name:Blockout_Box_C_UAID_5811223EB18D13D001_1650530174 Label:Blockout_Box9 SpatiallyLoaded:1 Bounds:IsValid=true, Min=(X=2250.000 Y=-1040.000 Z=-860.000), Max=(X=2300.000 Y=-400.000 Z=-410.000) RuntimeGrid:None EditorOnly:0 RuntimeOnly:0 HLODRelevant:1
 |   |   |- Guid:BB1166BA49E34B8FF32C829E38C6DB73 BaseClass:/BlockoutToolsPlugin/Blueprints/Blockout_Stairs_Linear.Blockout_Stairs_Linear_C NativeClass:/Script/BlockoutToolsPlugin.BlockoutToolsParent Name:Blockout_Stairs_Linear_C_UAID_5811223EB18D12D001_1862957982 Label:Blockout_Stairs_Linear SpatiallyLoaded:1 Bounds:IsValid=true, Min=(X=1410.000 Y=300.000 Z=-170.000), Max=(X=1810.000 Y=450.000 Z=-20.000) RuntimeGrid:None EditorOnly:0 RuntimeOnly:0 HLODRelevant:1
 |   |   |- Guid:C1581D2C40E7A94568353EBE8CD75200 BaseClass:/BlockoutToolsPlugin/Blueprints/Blockout_Box.Blockout_Box_C NativeClass:/Script/BlockoutToolsPlugin.BlockoutToolsParent Name:Blockout_Box_C_UAID_5811223EB18D13D001_1108484168 Label:Blockout_Box5 SpatiallyLoaded:1 Bounds:IsValid=true, Min=(X=1810.000 Y=0.000 Z=-480.000), Max=(X=1860.000 Y=450.000 Z=-20.000) RuntimeGrid:None EditorOnly:0 RuntimeOnly:0 HLODRelevant:1
 |   |   |- Guid:C9F585D04595E2AEB50630A5E4B128B2 BaseClass: NativeClass:/Script/Engine.StaticMeshActor Name:StaticMeshActor_UAID_A4AE111137DC5EFB00_2001720423 Label:SM_SkySphere SpatiallyLoaded:0 Bounds:IsValid=true, Min=(X=-1638400.000 Y=-1638400.000 Z=-1638400.000), Max=(X=1638400.000 Y=1638400.000 Z=1638400.000) RuntimeGrid:None EditorOnly:0 RuntimeOnly:0 HLODRelevant:1 FolderPath:Lighting FolderGuid:0BA5F0A04EADB18E70D5B180D08FA34B
 |   |   |- Guid:D0839EA240C54000AC9C2283658BC17D BaseClass:/BlockoutToolsPlugin/Blueprints/Blockout_Stairs_Linear.Blockout_Stairs_Linear_C NativeClass:/Script/BlockoutToolsPlugin.BlockoutToolsParent Name:Blockout_Stairs_Linear_C_UAID_5811223EB18D12D001_1953136984 Label:Blockout_Stairs_Linear3 SpatiallyLoaded:1 Bounds:IsValid=true, Min=(X=1410.000 Y=0.000 Z=-470.000), Max=(X=1810.000 Y=150.000 Z=-320.000) RuntimeGrid:None EditorOnly:0 RuntimeOnly:0 HLODRelevant:1
 |   |   |- Guid:D70C9536470189F5687A068E3CBA6AB1 BaseClass:/BlockoutToolsPlugin/Blueprints/Blockout_Stairs_Linear.Blockout_Stairs_Linear_C NativeClass:/Script/BlockoutToolsPlugin.BlockoutToolsParent Name:Blockout_Stairs_Linear_C_UAID_5811223EB18D12D001_2040931988 Label:Blockout_Stairs_Linear5 SpatiallyLoaded:1 Bounds:IsValid=true, Min=(X=1960.000 Y=-400.000 Z=-740.000), Max=(X=2110.000 Y=0.000 Z=-590.000) RuntimeGrid:None EditorOnly:0 RuntimeOnly:0 HLODRelevant:1
 |   |   |- Guid:DCB8096F433DECEA837F099494007EC4 BaseClass: NativeClass:/Script/Engine.DirectionalLight Name:DirectionalLight_1 Label:DirectionalLight SpatiallyLoaded:0 Bounds:IsValid=true, Min=(X=-4398046511104.000 Y=-4398046511104.000 Z=-4398046511104.000), Max=(X=4398046511104.000 Y=4398046511104.000 Z=4398046511104.000) RuntimeGrid:None EditorOnly:0 RuntimeOnly:0 HLODRelevant:0 FolderPath:Lighting FolderGuid:0BA5F0A04EADB18E70D5B180D08FA34B
 |   |   |- Guid:DE8FAA71453A8DDFFDD685AF562554DD BaseClass:/BlockoutToolsPlugin/Blueprints/Blockout_Box.Blockout_Box_C NativeClass:/Script/BlockoutToolsPlugin.BlockoutToolsParent Name:Blockout_Box_C_UAID_5811223EB18D13D001_1581613173 Label:Blockout_Box8 SpatiallyLoaded:1 Bounds:IsValid=true, Min=(X=2250.000 Y=-850.000 Z=-860.000), Max=(X=2890.000 Y=-800.000 Z=-760.000) RuntimeGrid:None EditorOnly:0 RuntimeOnly:0 HLODRelevant:1
 |   |   |- Guid:E663D8E1430E28BAD745F689176E3ADD BaseClass:/BlockoutToolsPlugin/Blueprints/Blockout_Cylinder.Blockout_Cylinder_C NativeClass:/Script/BlockoutToolsPlugin.BlockoutToolsParent Name:Blockout_Cylinder_C_UAID_5811223EB18D12D001_1806153980 Label:Blockout_Cylinder SpatiallyLoaded:1 Bounds:IsValid=true, Min=(X=2550.000 Y=-530.000 Z=-860.000), Max=(X=2650.000 Y=-430.000 Z=-680.000) RuntimeGrid:None EditorOnly:0 RuntimeOnly:0 HLODRelevant:1
 |   |   |- Guid:F09B10A44618D50C37786DB70CF76164 BaseClass:/BlockoutToolsPlugin/Blueprints/Blockout_Stairs_Linear.Blockout_Stairs_Linear_C NativeClass:/Script/BlockoutToolsPlugin.BlockoutToolsParent Name:Blockout_Stairs_Linear_C_UAID_5811223EB18D12D001_1890763983 Label:Blockout_Stairs_Linear2 SpatiallyLoaded:1 Bounds:IsValid=true, Min=(X=1410.000 Y=150.000 Z=-320.000), Max=(X=1810.000 Y=300.000 Z=-170.000) RuntimeGrid:None EditorOnly:0 RuntimeOnly:0 HLODRelevant:1
 |   |- [+] Clusters:
 |   |   |- [+] [  0]
 |   |   |   |- Guid:77567C6B4C54FEB0847D1A8E43926B70 BaseClass: NativeClass:/Script/Engine.WorldDataLayers Name:WorldDataLayers Label:WorldDataLayers SpatiallyLoaded:0 Bounds:IsValid=true, Min=(X=0.000 Y=0.000 Z=0.000), Max=(X=0.000 Y=0.000 Z=0.000) RuntimeGrid:None EditorOnly:0 RuntimeOnly:0 HLODRelevant:0
 |   |   |- [+] [  1]
 |   |   |   |- Guid:03FF994B4EB5DBCD431DBA971CE4DA8A BaseClass: NativeClass:/Script/Engine.PlayerStart Name:PlayerStart_0 Label:PlayerStart SpatiallyLoaded:0 Bounds:IsValid=true, Min=(X=2350.000 Y=-140.000 Z=-789.987), Max=(X=2430.000 Y=-60.000 Z=-605.987) RuntimeGrid:None EditorOnly:0 RuntimeOnly:0 HLODRelevant:0
 |   |   |- [+] [  2]
 |   |   |   |- Guid:1CEDBD324AECFE075C22EB9B116B0A27 BaseClass: NativeClass:/Script/Engine.ExponentialHeightFog Name:ExponentialHeightFog_0 Label:ExponentialHeightFog SpatiallyLoaded:0 Bounds:IsValid=true, Min=(X=-5600.000 Y=-50.000 Z=-6850.000), Max=(X=-5600.000 Y=-50.000 Z=-6850.000) RuntimeGrid:None EditorOnly:0 RuntimeOnly:0 HLODRelevant:0 FolderPath:Lighting FolderGuid:0BA5F0A04EADB18E70D5B180D08FA34B
 |   |   |- [+] [  3]
 |   |   |   |- Guid:DCB8096F433DECEA837F099494007EC4 BaseClass: NativeClass:/Script/Engine.DirectionalLight Name:DirectionalLight_1 Label:DirectionalLight SpatiallyLoaded:0 Bounds:IsValid=true, Min=(X=-4398046511104.000 Y=-4398046511104.000 Z=-4398046511104.000), Max=(X=4398046511104.000 Y=4398046511104.000 Z=4398046511104.000) RuntimeGrid:None EditorOnly:0 RuntimeOnly:0 HLODRelevant:0 FolderPath:Lighting FolderGuid:0BA5F0A04EADB18E70D5B180D08FA34B
 |   |   |- [+] [  4]
 |   |   |   |- Guid:2EB48ADF4A54AC0D760368898099EDAE BaseClass: NativeClass:/Script/Engine.SkyLight Name:SkyLight_0 Label:SkyLight SpatiallyLoaded:0 Bounds:IsValid=true, Min=(X=0.000 Y=0.000 Z=690.000), Max=(X=0.000 Y=0.000 Z=690.000) RuntimeGrid:None EditorOnly:0 RuntimeOnly:0 HLODRelevant:0 FolderPath:Lighting FolderGuid:0BA5F0A04EADB18E70D5B180D08FA34B
 |   |   |- [+] [  5]
 |   |   |   |- Guid:2D695885429630E93D05C6874B420662 BaseClass: NativeClass:/Script/Engine.VolumetricCloud Name:VolumetricCloud_0 Label:VolumetricCloud SpatiallyLoaded:0 Bounds:IsValid=true, Min=(X=0.000 Y=0.000 Z=820.000), Max=(X=0.000 Y=0.000 Z=820.000) RuntimeGrid:None EditorOnly:0 RuntimeOnly:0 HLODRelevant:0 FolderPath:Lighting FolderGuid:0BA5F0A04EADB18E70D5B180D08FA34B
 |   |   |- [+] [  6]
 |   |   |   |- Guid:5EBB4FF54AF800993AC13497FE980DA5 BaseClass:/Game/FirstPerson/Blueprints/BP_Pickup_Rifle.BP_Pickup_Rifle_C NativeClass:/Script/Engine.Actor Name:BP_Rifle_C_1 Label:BP_Pickup_Rifle SpatiallyLoaded:1 Bounds:IsValid=true, Min=(X=1378.000 Y=818.000 Z=64.000), Max=(X=1442.000 Y=907.440 Z=128.000) RuntimeGrid:None EditorOnly:0 RuntimeOnly:0 HLODRelevant:0
 |   |   |- [+] [  7]
 |   |   |   |- Guid:C9F585D04595E2AEB50630A5E4B128B2 BaseClass: NativeClass:/Script/Engine.StaticMeshActor Name:StaticMeshActor_UAID_A4AE111137DC5EFB00_2001720423 Label:SM_SkySphere SpatiallyLoaded:0 Bounds:IsValid=true, Min=(X=-1638400.000 Y=-1638400.000 Z=-1638400.000), Max=(X=1638400.000 Y=1638400.000 Z=1638400.000) RuntimeGrid:None EditorOnly:0 RuntimeOnly:0 HLODRelevant:1 FolderPath:Lighting FolderGuid:0BA5F0A04EADB18E70D5B180D08FA34B
 |   |   |- [+] [  8]
 |   |   |   |- Guid:8D3C15DB402A960C2C291F9DC7846F37 BaseClass: NativeClass:/Script/Engine.SkyAtmosphere Name:SkyAtmosphere_0 Label:SkyAtmosphere SpatiallyLoaded:0 Bounds:IsValid=true, Min=(X=0.000 Y=0.000 Z=1020.000), Max=(X=0.000 Y=0.000 Z=1020.000) RuntimeGrid:None EditorOnly:0 RuntimeOnly:0 HLODRelevant:0 FolderPath:Lighting FolderGuid:0BA5F0A04EADB18E70D5B180D08FA34B
 |   |   |- [+] [  9]
 |   |   |   |- Guid:0907B76745D472D00A896D9A5A18739F BaseClass:/BlockoutToolsPlugin/Blueprints/Blockout_Box.Blockout_Box_C NativeClass:/Script/BlockoutToolsPlugin.BlockoutToolsParent Name:Blockout_Box_C_UAID_5811223EB18D13D001_1330935170 Label:Blockout_Box7 SpatiallyLoaded:1 Bounds:IsValid=true, Min=(X=1810.000 Y=0.000 Z=-900.000), Max=(X=2250.000 Y=50.000 Z=-20.000) RuntimeGrid:None EditorOnly:0 RuntimeOnly:0 HLODRelevant:1
 |   |   |- [+] [ 10]
 |   |   |   |- Guid:116394EA4BAD8D4D876DB9AB206065DC BaseClass:/BlockoutToolsPlugin/Blueprints/Blockout_Box.Blockout_Box_C NativeClass:/Script/BlockoutToolsPlugin.BlockoutToolsParent Name:Blockout_Box_C_UAID_5811223EB18D13D001_1189387169 Label:Blockout_Box6 SpatiallyLoaded:1 Bounds:IsValid=true, Min=(X=1360.000 Y=-450.000 Z=-920.000), Max=(X=2250.000 Y=-400.000 Z=-20.000) RuntimeGrid:None EditorOnly:0 RuntimeOnly:0 HLODRelevant:1
 |   |   |- [+] [ 11]
 |   |   |   |- Guid:C1581D2C40E7A94568353EBE8CD75200 BaseClass:/BlockoutToolsPlugin/Blueprints/Blockout_Box.Blockout_Box_C NativeClass:/Script/BlockoutToolsPlugin.BlockoutToolsParent Name:Blockout_Box_C_UAID_5811223EB18D13D001_1108484168 Label:Blockout_Box5 SpatiallyLoaded:1 Bounds:IsValid=true, Min=(X=1810.000 Y=0.000 Z=-480.000), Max=(X=1860.000 Y=450.000 Z=-20.000) RuntimeGrid:None EditorOnly:0 RuntimeOnly:0 HLODRelevant:1
 |   |   |- [+] [ 12]
 |   |   |   |- Guid:2CB2544742E935AF0AEC039C2C84EE07 BaseClass:/BlockoutToolsPlugin/Blueprints/Blockout_Box.Blockout_Box_C NativeClass:/Script/BlockoutToolsPlugin.BlockoutToolsParent Name:Blockout_Box_C_UAID_5811223EB18D12D001_2131286991 Label:Blockout_Box2 SpatiallyLoaded:1 Bounds:IsValid=true, Min=(X=1360.000 Y=-400.000 Z=-480.000), Max=(X=1410.000 Y=450.000 Z=-20.000) RuntimeGrid:None EditorOnly:0 RuntimeOnly:0 HLODRelevant:1
 |   |   |- [+] [ 13]
 |   |   |   |- Guid:676CBD4D45B4DA306830FA9FA26E4460 BaseClass:/BlockoutToolsPlugin/Blueprints/Blockout_Box.Blockout_Box_C NativeClass:/Script/BlockoutToolsPlugin.BlockoutToolsParent Name:Blockout_Box_C_UAID_5811223EB18D12D001_2074660990 Label:Blockout_Box4 SpatiallyLoaded:1 Bounds:IsValid=true, Min=(X=2250.000 Y=-1550.000 Z=-900.000), Max=(X=3150.000 Y=1140.000 Z=-860.000) RuntimeGrid:None EditorOnly:0 RuntimeOnly:0 HLODRelevant:1
 |   |   |- [+] [ 14]
 |   |   |   |- Guid:1B215D5E4819AC31F3FD28899B132A5F BaseClass:/BlockoutToolsPlugin/Blueprints/Blockout_Stairs_Linear.Blockout_Stairs_Linear_C NativeClass:/Script/BlockoutToolsPlugin.BlockoutToolsParent Name:Blockout_Stairs_Linear_C_UAID_5811223EB18D12D001_2040932989 Label:Blockout_Stairs_Linear6 SpatiallyLoaded:1 Bounds:IsValid=true, Min=(X=2110.000 Y=-400.000 Z=-890.000), Max=(X=2260.000 Y=0.000 Z=-740.000) RuntimeGrid:None EditorOnly:0 RuntimeOnly:0 HLODRelevant:1
 |   |   |- [+] [ 15]
 |   |   |   |- Guid:D70C9536470189F5687A068E3CBA6AB1 BaseClass:/BlockoutToolsPlugin/Blueprints/Blockout_Stairs_Linear.Blockout_Stairs_Linear_C NativeClass:/Script/BlockoutToolsPlugin.BlockoutToolsParent Name:Blockout_Stairs_Linear_C_UAID_5811223EB18D12D001_2040931988 Label:Blockout_Stairs_Linear5 SpatiallyLoaded:1 Bounds:IsValid=true, Min=(X=1960.000 Y=-400.000 Z=-740.000), Max=(X=2110.000 Y=0.000 Z=-590.000) RuntimeGrid:None EditorOnly:0 RuntimeOnly:0 HLODRelevant:1
 |   |   |- [+] [ 16]
 |   |   |   |- Guid:1FD318CC40D52578CD97EEB294C1D169 BaseClass:/BlockoutToolsPlugin/Blueprints/Blockout_Stairs_Linear.Blockout_Stairs_Linear_C NativeClass:/Script/BlockoutToolsPlugin.BlockoutToolsParent Name:Blockout_Stairs_Linear_C_UAID_5811223EB18D12D001_2040927987 Label:Blockout_Stairs_Linear4 SpatiallyLoaded:1 Bounds:IsValid=true, Min=(X=1810.000 Y=-400.000 Z=-590.000), Max=(X=1960.000 Y=0.000 Z=-440.000) RuntimeGrid:None EditorOnly:0 RuntimeOnly:0 HLODRelevant:1
 |   |   |- [+] [ 17]
 |   |   |   |- Guid:11D0160D4E2895D084C4FFB250CE3267 BaseClass:/BlockoutToolsPlugin/Blueprints/Blockout_Box.Blockout_Box_C NativeClass:/Script/BlockoutToolsPlugin.BlockoutToolsParent Name:Blockout_Box_C_UAID_5811223EB18D12D001_2000218986 Label:Blockout_Box3 SpatiallyLoaded:1 Bounds:IsValid=true, Min=(X=1410.000 Y=-400.000 Z=-480.000), Max=(X=1810.000 Y=0.000 Z=-440.000) RuntimeGrid:None EditorOnly:0 RuntimeOnly:0 HLODRelevant:1
 |   |   |- [+] [ 18]
 |   |   |   |- Guid:D0839EA240C54000AC9C2283658BC17D BaseClass:/BlockoutToolsPlugin/Blueprints/Blockout_Stairs_Linear.Blockout_Stairs_Linear_C NativeClass:/Script/BlockoutToolsPlugin.BlockoutToolsParent Name:Blockout_Stairs_Linear_C_UAID_5811223EB18D12D001_1953136984 Label:Blockout_Stairs_Linear3 SpatiallyLoaded:1 Bounds:IsValid=true, Min=(X=1410.000 Y=0.000 Z=-470.000), Max=(X=1810.000 Y=150.000 Z=-320.000) RuntimeGrid:None EditorOnly:0 RuntimeOnly:0 HLODRelevant:1
 |   |   |- [+] [ 19]
 |   |   |   |- Guid:BB1166BA49E34B8FF32C829E38C6DB73 BaseClass:/BlockoutToolsPlugin/Blueprints/Blockout_Stairs_Linear.Blockout_Stairs_Linear_C NativeClass:/Script/BlockoutToolsPlugin.BlockoutToolsParent Name:Blockout_Stairs_Linear_C_UAID_5811223EB18D12D001_1862957982 Label:Blockout_Stairs_Linear SpatiallyLoaded:1 Bounds:IsValid=true, Min=(X=1410.000 Y=300.000 Z=-170.000), Max=(X=1810.000 Y=450.000 Z=-20.000) RuntimeGrid:None EditorOnly:0 RuntimeOnly:0 HLODRelevant:1
 |   |   |- [+] [ 20]
 |   |   |   |- Guid:71EF105C4AAB52ADB17F22AC126CFCF0 BaseClass: NativeClass:/Script/Engine.PostProcessVolume Name:PostProcessVolume_0 Label:PostProcessVolume SpatiallyLoaded:0 Bounds:IsValid=true, Min=(X=0.000 Y=0.000 Z=400.000), Max=(X=200.000 Y=200.000 Z=600.000) RuntimeGrid:None EditorOnly:0 RuntimeOnly:0 HLODRelevant:0 FolderPath:Lighting FolderGuid:0BA5F0A04EADB18E70D5B180D08FA34B
 |   |   |- [+] [ 21]
 |   |   |   |- Guid:F09B10A44618D50C37786DB70CF76164 BaseClass:/BlockoutToolsPlugin/Blueprints/Blockout_Stairs_Linear.Blockout_Stairs_Linear_C NativeClass:/Script/BlockoutToolsPlugin.BlockoutToolsParent Name:Blockout_Stairs_Linear_C_UAID_5811223EB18D12D001_1890763983 Label:Blockout_Stairs_Linear2 SpatiallyLoaded:1 Bounds:IsValid=true, Min=(X=1410.000 Y=150.000 Z=-320.000), Max=(X=1810.000 Y=300.000 Z=-170.000) RuntimeGrid:None EditorOnly:0 RuntimeOnly:0 HLODRelevant:1
 |   |   |- [+] [ 22]
 |   |   |   |- Guid:E663D8E1430E28BAD745F689176E3ADD BaseClass:/BlockoutToolsPlugin/Blueprints/Blockout_Cylinder.Blockout_Cylinder_C NativeClass:/Script/BlockoutToolsPlugin.BlockoutToolsParent Name:Blockout_Cylinder_C_UAID_5811223EB18D12D001_1806153980 Label:Blockout_Cylinder SpatiallyLoaded:1 Bounds:IsValid=true, Min=(X=2550.000 Y=-530.000 Z=-860.000), Max=(X=2650.000 Y=-430.000 Z=-680.000) RuntimeGrid:None EditorOnly:0 RuntimeOnly:0 HLODRelevant:1
 |   |   |- [+] [ 23]
 |   |   |   |- Guid:5A7E49D243C21358197025B4DB6F6B50 BaseClass:/BlockoutToolsPlugin/Blueprints/Blockout_Box.Blockout_Box_C NativeClass:/Script/BlockoutToolsPlugin.BlockoutToolsParent Name:Blockout_Box_C_UAID_5811223EB18D12D001_1584654977 Label:Blockout_Box SpatiallyLoaded:1 Bounds:IsValid=true, Min=(X=960.000 Y=450.000 Z=-60.000), Max=(X=1860.000 Y=1040.000 Z=-20.000) RuntimeGrid:None EditorOnly:0 RuntimeOnly:0 HLODRelevant:1
 |   |   |- [+] [ 24]
 |   |   |   |- Guid:DE8FAA71453A8DDFFDD685AF562554DD BaseClass:/BlockoutToolsPlugin/Blueprints/Blockout_Box.Blockout_Box_C NativeClass:/Script/BlockoutToolsPlugin.BlockoutToolsParent Name:Blockout_Box_C_UAID_5811223EB18D13D001_1581613173 Label:Blockout_Box8 SpatiallyLoaded:1 Bounds:IsValid=true, Min=(X=2250.000 Y=-850.000 Z=-860.000), Max=(X=2890.000 Y=-800.000 Z=-760.000) RuntimeGrid:None EditorOnly:0 RuntimeOnly:0 HLODRelevant:1
 |   |   |- [+] [ 25]
 |   |   |   |- Guid:B3F28D104312548811D1FEB92C64A1E7 BaseClass:/BlockoutToolsPlugin/Blueprints/Blockout_Box.Blockout_Box_C NativeClass:/Script/BlockoutToolsPlugin.BlockoutToolsParent Name:Blockout_Box_C_UAID_5811223EB18D13D001_1650530174 Label:Blockout_Box9 SpatiallyLoaded:1 Bounds:IsValid=true, Min=(X=2250.000 Y=-1040.000 Z=-860.000), Max=(X=2300.000 Y=-400.000 Z=-410.000) RuntimeGrid:None EditorOnly:0 RuntimeOnly:0 HLODRelevant:1
 |- ContainerInstances:
 |- [+] MainContainer:
 |   |-        ID: 0x0000000000000000
 |   |-    Bounds: IsValid=false, Min=(X=0.000 Y=0.000 Z=0.000), Max=(X=0.000 Y=0.000 Z=0.000)
 |   |- Transform: 0.000000,0.000000,0.000000|0.000000,0.000000,-0.000000|1.000000,1.000000,1.000000
 |   |- Container: /Game/LD_Clotaire/Map_Clotaire_LD
----------------------------------------------------------------------------------------------------------------
Map_Clotaire_LD - Persistent Level
----------------------------------------------------------------------------------------------------------------
Always loaded Actor Count: 33 

----------------------------------------------------------------------------------------------------------------
Map_Clotaire_LD - Runtime Spatial Hash - Streaming Grid - MainGrid
----------------------------------------------------------------------------------------------------------------
            Origin: X=0.000 Y=0.000 Z=0.000
         Cell Size: 12800
      World Bounds: IsValid=false, Min=(X=0.000 Y=0.000 Z=0.000), Max=(X=0.000 Y=0.000 Z=0.000)
     Loading Range: 25600.00
Block Slow Loading: No
 ClientOnlyVisible: No

[+] Grid Levels: 1
 |- Level  0: Cell Count    0 | Cell Size   12800 | Actor Count    0 (0.0%)

[+] Content of Grid Level 0

